

Started GET "/" for 116.88.79.47 at 2015-04-07 16:17:50 +0000
Processing by Rails::WelcomeController#index as HTML
  Rendered /home/action/.gem/ruby/2.1.1/gems/railties-4.1.0/lib/rails/templates/rails/welcome/index.html.erb (2.7ms)
Completed 200 OK in 35ms (Views: 11.0ms | ActiveRecord: 0.0ms)


Started GET "/" for 116.88.79.47 at 2015-04-07 16:19:55 +0000
Processing by Rails::WelcomeController#index as HTML
  Rendered /home/action/.gem/ruby/2.1.1/gems/railties-4.1.0/lib/rails/templates/rails/welcome/index.html.erb (2.3ms)
Completed 200 OK in 32ms (Views: 10.0ms | ActiveRecord: 0.0ms)


Started GET "/stream/get" for 116.88.79.47 at 2015-04-07 16:20:00 +0000

ActionController::RoutingError (No route matches [GET] "/stream/get"):
  actionpack (4.1.0) lib/action_dispatch/middleware/debug_exceptions.rb:21:in `call'
  actionpack (4.1.0) lib/action_dispatch/middleware/show_exceptions.rb:30:in `call'
  railties (4.1.0) lib/rails/rack/logger.rb:38:in `call_app'
  railties (4.1.0) lib/rails/rack/logger.rb:20:in `block in call'
  activesupport (4.1.0) lib/active_support/tagged_logging.rb:68:in `block in tagged'
  activesupport (4.1.0) lib/active_support/tagged_logging.rb:26:in `tagged'
  activesupport (4.1.0) lib/active_support/tagged_logging.rb:68:in `tagged'
  railties (4.1.0) lib/rails/rack/logger.rb:20:in `call'
  actionpack (4.1.0) lib/action_dispatch/middleware/request_id.rb:21:in `call'
  rack (1.5.2) lib/rack/methodoverride.rb:21:in `call'
  rack (1.5.2) lib/rack/runtime.rb:17:in `call'
  activesupport (4.1.0) lib/active_support/cache/strategy/local_cache_middleware.rb:26:in `call'
  rack (1.5.2) lib/rack/lock.rb:17:in `call'
  actionpack (4.1.0) lib/action_dispatch/middleware/static.rb:64:in `call'
  rack (1.5.2) lib/rack/sendfile.rb:112:in `call'
  railties (4.1.0) lib/rails/engine.rb:514:in `call'
  railties (4.1.0) lib/rails/application.rb:144:in `call'
  rack (1.5.2) lib/rack/lock.rb:17:in `call'
  rack (1.5.2) lib/rack/content_length.rb:14:in `call'
  rack (1.5.2) lib/rack/handler/webrick.rb:60:in `service'
  /home/action/.parts/packages/ruby2.1/2.1.1/lib/ruby/2.1.0/webrick/httpserver.rb:138:in `service'
  /home/action/.parts/packages/ruby2.1/2.1.1/lib/ruby/2.1.0/webrick/httpserver.rb:94:in `run'
  /home/action/.parts/packages/ruby2.1/2.1.1/lib/ruby/2.1.0/webrick/server.rb:295:in `block in start_thread'


  Rendered /home/action/.gem/ruby/2.1.1/gems/actionpack-4.1.0/lib/action_dispatch/middleware/templates/rescues/_trace.html.erb (1.5ms)
  Rendered /home/action/.gem/ruby/2.1.1/gems/actionpack-4.1.0/lib/action_dispatch/middleware/templates/routes/_route.html.erb (1.0ms)
  Rendered /home/action/.gem/ruby/2.1.1/gems/actionpack-4.1.0/lib/action_dispatch/middleware/templates/routes/_table.html.erb (10.8ms)
  Rendered /home/action/.gem/ruby/2.1.1/gems/actionpack-4.1.0/lib/action_dispatch/middleware/templates/rescues/routing_error.html.erb within rescues/layout (40.9ms)


Started GET "/stream/genre" for 116.88.79.47 at 2015-04-07 16:20:08 +0000
Processing by StreamController#genre as HTML
  Rendered stream/genre.html.erb within layouts/application (0.4ms)
Completed 200 OK in 1484ms (Views: 1483.4ms | ActiveRecord: 0.0ms)


Started GET "/assets/stream.css?body=1" for 116.88.79.47 at 2015-04-07 16:20:10 +0000


Started GET "/assets/application.css?body=1" for 116.88.79.47 at 2015-04-07 16:20:10 +0000


Started GET "/assets/jquery.js?body=1" for 116.88.79.47 at 2015-04-07 16:20:10 +0000


Started GET "/assets/jquery_ujs.js?body=1" for 116.88.79.47 at 2015-04-07 16:20:10 +0000


Started GET "/assets/stream.js?body=1" for 116.88.79.47 at 2015-04-07 16:20:10 +0000


Started GET "/assets/turbolinks.js?body=1" for 116.88.79.47 at 2015-04-07 16:20:10 +0000


Started GET "/assets/application.js?body=1" for 116.88.79.47 at 2015-04-07 16:20:10 +0000
  [1m[36m (22.3ms)[0m  [1mCREATE TABLE "schema_migrations" ("version" varchar(255) NOT NULL) [0m
  [1m[35m (0.1ms)[0m  select sqlite_version(*)
  [1m[36m (12.4ms)[0m  [1mCREATE UNIQUE INDEX "unique_schema_migrations" ON "schema_migrations" ("version")[0m
  [1m[35mActiveRecord::SchemaMigration Load (0.2ms)[0m  SELECT "schema_migrations".* FROM "schema_migrations"
Migrating to CreateSongs (20150407162719)
  [1m[36m (0.1ms)[0m  [1mbegin transaction[0m
  [1m[35m (0.5ms)[0m  CREATE TABLE "songs" ("id" INTEGER PRIMARY KEY AUTOINCREMENT NOT NULL, "name" varchar(255), "mp3" varchar(255), "created_at" datetime, "updated_at" datetime) 
  [1m[36mSQL (0.2ms)[0m  [1mINSERT INTO "schema_migrations" ("version") VALUES (?)[0m  [["version", "20150407162719"]]
  [1m[35m (30.1ms)[0m  commit transaction
  [1m[36mActiveRecord::SchemaMigration Load (0.1ms)[0m  [1mSELECT "schema_migrations".* FROM "schema_migrations"[0m
  [1m[36mActiveRecord::SchemaMigration Load (0.2ms)[0m  [1mSELECT "schema_migrations".* FROM "schema_migrations"[0m
  [1m[35m (0.1ms)[0m  begin transaction
  [1m[36mSQL (0.6ms)[0m  [1mINSERT INTO "songs" ("created_at", "mp3", "name", "updated_at") VALUES (?, ?, ?, ?)[0m  [["created_at", "2015-04-07 16:37:31.156730"], ["mp3", "http://www.justjazznyc.com/sound/dreamer.mp3"], ["name", "Dreamer"], ["updated_at", "2015-04-07 16:37:31.156730"]]
  [1m[35m (26.8ms)[0m  commit transaction
  [1m[36m (0.1ms)[0m  [1mbegin transaction[0m
  [1m[35mSQL (0.3ms)[0m  INSERT INTO "songs" ("created_at", "mp3", "name", "updated_at") VALUES (?, ?, ?, ?)  [["created_at", "2015-04-07 16:37:31.188010"], ["mp3", "http://www.justjazznyc.com/sound/bodysoul.mp3"], ["name", "Body and Soul"], ["updated_at", "2015-04-07 16:37:31.188010"]]
  [1m[36m (12.3ms)[0m  [1mcommit transaction[0m
  [1m[35m (0.1ms)[0m  begin transaction
  [1m[36mSQL (0.3ms)[0m  [1mINSERT INTO "songs" ("created_at", "mp3", "name", "updated_at") VALUES (?, ?, ?, ?)[0m  [["created_at", "2015-04-07 16:37:31.201708"], ["mp3", "http://www.justjazznyc.com/sound/themore.mp3"], ["name", "The more I see you"], ["updated_at", "2015-04-07 16:37:31.201708"]]
  [1m[35m (11.4ms)[0m  commit transaction
  [1m[36m (0.1ms)[0m  [1mbegin transaction[0m
  [1m[35mSQL (0.3ms)[0m  INSERT INTO "songs" ("created_at", "mp3", "name", "updated_at") VALUES (?, ?, ?, ?)  [["created_at", "2015-04-07 16:37:31.214345"], ["mp3", "http://www.justjazznyc.com/sound/ourlove.mp3"], ["name", "Our love is here to stay"], ["updated_at", "2015-04-07 16:37:31.214345"]]
  [1m[36m (11.9ms)[0m  [1mcommit transaction[0m
  [1m[35m (0.1ms)[0m  begin transaction
  [1m[36mSQL (0.3ms)[0m  [1mINSERT INTO "songs" ("created_at", "mp3", "name", "updated_at") VALUES (?, ?, ?, ?)[0m  [["created_at", "2015-04-07 16:37:31.227520"], ["mp3", "http://www.justjazznyc.com/sound/wave.mp3"], ["name", "Wave"], ["updated_at", "2015-04-07 16:37:31.227520"]]
  [1m[35m (16.0ms)[0m  commit transaction


Started GET "/stream/genre" for 116.88.79.47 at 2015-04-07 16:42:17 +0000
  [1m[36mActiveRecord::SchemaMigration Load (0.2ms)[0m  [1mSELECT "schema_migrations".* FROM "schema_migrations"[0m
Processing by StreamController#genre as HTML
  Rendered stream/genre.html.erb within layouts/application (1.6ms)
Completed 200 OK in 672ms (Views: 650.3ms | ActiveRecord: 0.0ms)


Started GET "/assets/application.css?body=1" for 116.88.79.47 at 2015-04-07 16:42:18 +0000


Started GET "/assets/songs.css?body=1" for 116.88.79.47 at 2015-04-07 16:42:18 +0000


Started GET "/assets/scaffolds.css?body=1" for 116.88.79.47 at 2015-04-07 16:42:18 +0000


Started GET "/assets/songs.js?body=1" for 116.88.79.47 at 2015-04-07 16:42:18 +0000


Started GET "/assets/stream.css?body=1" for 116.88.79.47 at 2015-04-07 16:42:18 +0000


Started GET "/assets/jquery.js?body=1" for 116.88.79.47 at 2015-04-07 16:42:18 +0000


Started GET "/assets/jquery_ujs.js?body=1" for 116.88.79.47 at 2015-04-07 16:42:18 +0000


Started GET "/assets/turbolinks.js?body=1" for 116.88.79.47 at 2015-04-07 16:42:18 +0000


Started GET "/assets/stream.js?body=1" for 116.88.79.47 at 2015-04-07 16:42:18 +0000


Started GET "/assets/application.js?body=1" for 116.88.79.47 at 2015-04-07 16:42:18 +0000


Started GET "/stream/genre.json" for 116.88.79.47 at 2015-04-07 16:43:05 +0000
Processing by StreamController#genre as JSON
Completed 500 Internal Server Error in 6ms

ActionView::MissingTemplate (Missing template stream/genre, application/genre with {:locale=>[:en], :formats=>[:json], :variants=>[], :handlers=>[:erb, :builder, :raw, :ruby, :coffee, :jbuilder]}. Searched in:
  * "/home/action/tes/app/views"
):
  actionview (4.1.0) lib/action_view/path_set.rb:46:in `find'
  actionview (4.1.0) lib/action_view/lookup_context.rb:124:in `find'
  actionview (4.1.0) lib/action_view/renderer/abstract_renderer.rb:18:in `find_template'
  actionview (4.1.0) lib/action_view/renderer/template_renderer.rb:41:in `determine_template'
  actionview (4.1.0) lib/action_view/renderer/template_renderer.rb:8:in `render'
  actionview (4.1.0) lib/action_view/renderer/renderer.rb:42:in `render_template'
  actionview (4.1.0) lib/action_view/renderer/renderer.rb:23:in `render'
  actionview (4.1.0) lib/action_view/rendering.rb:99:in `_render_template'
  actionpack (4.1.0) lib/action_controller/metal/streaming.rb:217:in `_render_template'
  actionview (4.1.0) lib/action_view/rendering.rb:82:in `render_to_body'
  actionpack (4.1.0) lib/action_controller/metal/rendering.rb:32:in `render_to_body'
  actionpack (4.1.0) lib/action_controller/metal/renderers.rb:32:in `render_to_body'
  actionpack (4.1.0) lib/abstract_controller/rendering.rb:25:in `render'
  actionpack (4.1.0) lib/action_controller/metal/rendering.rb:16:in `render'
  actionpack (4.1.0) lib/action_controller/metal/instrumentation.rb:41:in `block (2 levels) in render'
  activesupport (4.1.0) lib/active_support/core_ext/benchmark.rb:12:in `block in ms'
  /home/action/.parts/packages/ruby2.1/2.1.1/lib/ruby/2.1.0/benchmark.rb:294:in `realtime'
  activesupport (4.1.0) lib/active_support/core_ext/benchmark.rb:12:in `ms'
  actionpack (4.1.0) lib/action_controller/metal/instrumentation.rb:41:in `block in render'
  actionpack (4.1.0) lib/action_controller/metal/instrumentation.rb:84:in `cleanup_view_runtime'
  activerecord (4.1.0) lib/active_record/railties/controller_runtime.rb:25:in `cleanup_view_runtime'
  actionpack (4.1.0) lib/action_controller/metal/instrumentation.rb:40:in `render'
  actionpack (4.1.0) lib/action_controller/metal/implicit_render.rb:10:in `default_render'
  actionpack (4.1.0) lib/action_controller/metal/implicit_render.rb:5:in `send_action'
  actionpack (4.1.0) lib/abstract_controller/base.rb:189:in `process_action'
  actionpack (4.1.0) lib/action_controller/metal/rendering.rb:10:in `process_action'
  actionpack (4.1.0) lib/abstract_controller/callbacks.rb:20:in `block in process_action'
  activesupport (4.1.0) lib/active_support/callbacks.rb:113:in `call'
  activesupport (4.1.0) lib/active_support/callbacks.rb:113:in `call'
  activesupport (4.1.0) lib/active_support/callbacks.rb:229:in `block in halting'
  activesupport (4.1.0) lib/active_support/callbacks.rb:229:in `call'
  activesupport (4.1.0) lib/active_support/callbacks.rb:229:in `block in halting'
  activesupport (4.1.0) lib/active_support/callbacks.rb:166:in `call'
  activesupport (4.1.0) lib/active_support/callbacks.rb:166:in `block in halting'
  activesupport (4.1.0) lib/active_support/callbacks.rb:166:in `call'
  activesupport (4.1.0) lib/active_support/callbacks.rb:166:in `block in halting'
  activesupport (4.1.0) lib/active_support/callbacks.rb:166:in `call'
  activesupport (4.1.0) lib/active_support/callbacks.rb:166:in `block in halting'
  activesupport (4.1.0) lib/active_support/callbacks.rb:86:in `call'
  activesupport (4.1.0) lib/active_support/callbacks.rb:86:in `run_callbacks'
  actionpack (4.1.0) lib/abstract_controller/callbacks.rb:19:in `process_action'
  actionpack (4.1.0) lib/action_controller/metal/rescue.rb:29:in `process_action'
  actionpack (4.1.0) lib/action_controller/metal/instrumentation.rb:31:in `block in process_action'
  activesupport (4.1.0) lib/active_support/notifications.rb:159:in `block in instrument'
  activesupport (4.1.0) lib/active_support/notifications/instrumenter.rb:20:in `instrument'
  activesupport (4.1.0) lib/active_support/notifications.rb:159:in `instrument'
  actionpack (4.1.0) lib/action_controller/metal/instrumentation.rb:30:in `process_action'
  actionpack (4.1.0) lib/action_controller/metal/params_wrapper.rb:250:in `process_action'
  activerecord (4.1.0) lib/active_record/railties/controller_runtime.rb:18:in `process_action'
  actionpack (4.1.0) lib/abstract_controller/base.rb:136:in `process'
  actionview (4.1.0) lib/action_view/rendering.rb:30:in `process'
  actionpack (4.1.0) lib/action_controller/metal.rb:195:in `dispatch'
  actionpack (4.1.0) lib/action_controller/metal/rack_delegation.rb:13:in `dispatch'
  actionpack (4.1.0) lib/action_controller/metal.rb:231:in `block in action'
  actionpack (4.1.0) lib/action_dispatch/routing/route_set.rb:80:in `call'
  actionpack (4.1.0) lib/action_dispatch/routing/route_set.rb:80:in `dispatch'
  actionpack (4.1.0) lib/action_dispatch/routing/route_set.rb:48:in `call'
  actionpack (4.1.0) lib/action_dispatch/journey/router.rb:71:in `block in call'
  actionpack (4.1.0) lib/action_dispatch/journey/router.rb:59:in `each'
  actionpack (4.1.0) lib/action_dispatch/journey/router.rb:59:in `call'
  actionpack (4.1.0) lib/action_dispatch/routing/route_set.rb:676:in `call'
  rack (1.5.2) lib/rack/etag.rb:23:in `call'
  rack (1.5.2) lib/rack/conditionalget.rb:25:in `call'
  rack (1.5.2) lib/rack/head.rb:11:in `call'
  actionpack (4.1.0) lib/action_dispatch/middleware/params_parser.rb:27:in `call'
  actionpack (4.1.0) lib/action_dispatch/middleware/flash.rb:254:in `call'
  rack (1.5.2) lib/rack/session/abstract/id.rb:225:in `context'
  rack (1.5.2) lib/rack/session/abstract/id.rb:220:in `call'
  actionpack (4.1.0) lib/action_dispatch/middleware/cookies.rb:560:in `call'
  activerecord (4.1.0) lib/active_record/query_cache.rb:36:in `call'
  activerecord (4.1.0) lib/active_record/connection_adapters/abstract/connection_pool.rb:621:in `call'
  activerecord (4.1.0) lib/active_record/migration.rb:380:in `call'
  actionpack (4.1.0) lib/action_dispatch/middleware/callbacks.rb:29:in `block in call'
  activesupport (4.1.0) lib/active_support/callbacks.rb:82:in `run_callbacks'
  actionpack (4.1.0) lib/action_dispatch/middleware/callbacks.rb:27:in `call'
  actionpack (4.1.0) lib/action_dispatch/middleware/reloader.rb:73:in `call'
  actionpack (4.1.0) lib/action_dispatch/middleware/remote_ip.rb:76:in `call'
  actionpack (4.1.0) lib/action_dispatch/middleware/debug_exceptions.rb:17:in `call'
  actionpack (4.1.0) lib/action_dispatch/middleware/show_exceptions.rb:30:in `call'
  railties (4.1.0) lib/rails/rack/logger.rb:38:in `call_app'
  railties (4.1.0) lib/rails/rack/logger.rb:20:in `block in call'
  activesupport (4.1.0) lib/active_support/tagged_logging.rb:68:in `block in tagged'
  activesupport (4.1.0) lib/active_support/tagged_logging.rb:26:in `tagged'
  activesupport (4.1.0) lib/active_support/tagged_logging.rb:68:in `tagged'
  railties (4.1.0) lib/rails/rack/logger.rb:20:in `call'
  actionpack (4.1.0) lib/action_dispatch/middleware/request_id.rb:21:in `call'
  rack (1.5.2) lib/rack/methodoverride.rb:21:in `call'
  rack (1.5.2) lib/rack/runtime.rb:17:in `call'
  activesupport (4.1.0) lib/active_support/cache/strategy/local_cache_middleware.rb:26:in `call'
  rack (1.5.2) lib/rack/lock.rb:17:in `call'
  actionpack (4.1.0) lib/action_dispatch/middleware/static.rb:64:in `call'
  rack (1.5.2) lib/rack/sendfile.rb:112:in `call'
  railties (4.1.0) lib/rails/engine.rb:514:in `call'
  railties (4.1.0) lib/rails/application.rb:144:in `call'
  rack (1.5.2) lib/rack/lock.rb:17:in `call'
  rack (1.5.2) lib/rack/content_length.rb:14:in `call'
  rack (1.5.2) lib/rack/handler/webrick.rb:60:in `service'
  /home/action/.parts/packages/ruby2.1/2.1.1/lib/ruby/2.1.0/webrick/httpserver.rb:138:in `service'
  /home/action/.parts/packages/ruby2.1/2.1.1/lib/ruby/2.1.0/webrick/httpserver.rb:94:in `run'
  /home/action/.parts/packages/ruby2.1/2.1.1/lib/ruby/2.1.0/webrick/server.rb:295:in `block in start_thread'


  Rendered /home/action/.gem/ruby/2.1.1/gems/actionpack-4.1.0/lib/action_dispatch/middleware/templates/rescues/missing_template.html.erb within rescues/layout (0.8ms)


Started GET "/stream/genre/song.json" for 116.88.79.47 at 2015-04-07 16:43:15 +0000

ActionController::RoutingError (No route matches [GET] "/stream/genre/song.json"):
  actionpack (4.1.0) lib/action_dispatch/middleware/debug_exceptions.rb:21:in `call'
  actionpack (4.1.0) lib/action_dispatch/middleware/show_exceptions.rb:30:in `call'
  railties (4.1.0) lib/rails/rack/logger.rb:38:in `call_app'
  railties (4.1.0) lib/rails/rack/logger.rb:20:in `block in call'
  activesupport (4.1.0) lib/active_support/tagged_logging.rb:68:in `block in tagged'
  activesupport (4.1.0) lib/active_support/tagged_logging.rb:26:in `tagged'
  activesupport (4.1.0) lib/active_support/tagged_logging.rb:68:in `tagged'
  railties (4.1.0) lib/rails/rack/logger.rb:20:in `call'
  actionpack (4.1.0) lib/action_dispatch/middleware/request_id.rb:21:in `call'
  rack (1.5.2) lib/rack/methodoverride.rb:21:in `call'
  rack (1.5.2) lib/rack/runtime.rb:17:in `call'
  activesupport (4.1.0) lib/active_support/cache/strategy/local_cache_middleware.rb:26:in `call'
  rack (1.5.2) lib/rack/lock.rb:17:in `call'
  actionpack (4.1.0) lib/action_dispatch/middleware/static.rb:64:in `call'
  rack (1.5.2) lib/rack/sendfile.rb:112:in `call'
  railties (4.1.0) lib/rails/engine.rb:514:in `call'
  railties (4.1.0) lib/rails/application.rb:144:in `call'
  rack (1.5.2) lib/rack/lock.rb:17:in `call'
  rack (1.5.2) lib/rack/content_length.rb:14:in `call'
  rack (1.5.2) lib/rack/handler/webrick.rb:60:in `service'
  /home/action/.parts/packages/ruby2.1/2.1.1/lib/ruby/2.1.0/webrick/httpserver.rb:138:in `service'
  /home/action/.parts/packages/ruby2.1/2.1.1/lib/ruby/2.1.0/webrick/httpserver.rb:94:in `run'
  /home/action/.parts/packages/ruby2.1/2.1.1/lib/ruby/2.1.0/webrick/server.rb:295:in `block in start_thread'


  Rendered /home/action/.gem/ruby/2.1.1/gems/actionpack-4.1.0/lib/action_dispatch/middleware/templates/rescues/_trace.html.erb (1.6ms)
  Rendered /home/action/.gem/ruby/2.1.1/gems/actionpack-4.1.0/lib/action_dispatch/middleware/templates/routes/_route.html.erb (1.9ms)
  Rendered /home/action/.gem/ruby/2.1.1/gems/actionpack-4.1.0/lib/action_dispatch/middleware/templates/routes/_table.html.erb (10.6ms)
  Rendered /home/action/.gem/ruby/2.1.1/gems/actionpack-4.1.0/lib/action_dispatch/middleware/templates/rescues/routing_error.html.erb within rescues/layout (42.3ms)


Started GET "/stream/genre/songs.json" for 116.88.79.47 at 2015-04-07 16:44:05 +0000

ActionController::RoutingError (No route matches [GET] "/stream/genre/songs.json"):
  actionpack (4.1.0) lib/action_dispatch/middleware/debug_exceptions.rb:21:in `call'
  actionpack (4.1.0) lib/action_dispatch/middleware/show_exceptions.rb:30:in `call'
  railties (4.1.0) lib/rails/rack/logger.rb:38:in `call_app'
  railties (4.1.0) lib/rails/rack/logger.rb:20:in `block in call'
  activesupport (4.1.0) lib/active_support/tagged_logging.rb:68:in `block in tagged'
  activesupport (4.1.0) lib/active_support/tagged_logging.rb:26:in `tagged'
  activesupport (4.1.0) lib/active_support/tagged_logging.rb:68:in `tagged'
  railties (4.1.0) lib/rails/rack/logger.rb:20:in `call'
  actionpack (4.1.0) lib/action_dispatch/middleware/request_id.rb:21:in `call'
  rack (1.5.2) lib/rack/methodoverride.rb:21:in `call'
  rack (1.5.2) lib/rack/runtime.rb:17:in `call'
  activesupport (4.1.0) lib/active_support/cache/strategy/local_cache_middleware.rb:26:in `call'
  rack (1.5.2) lib/rack/lock.rb:17:in `call'
  actionpack (4.1.0) lib/action_dispatch/middleware/static.rb:64:in `call'
  rack (1.5.2) lib/rack/sendfile.rb:112:in `call'
  railties (4.1.0) lib/rails/engine.rb:514:in `call'
  railties (4.1.0) lib/rails/application.rb:144:in `call'
  rack (1.5.2) lib/rack/lock.rb:17:in `call'
  rack (1.5.2) lib/rack/content_length.rb:14:in `call'
  rack (1.5.2) lib/rack/handler/webrick.rb:60:in `service'
  /home/action/.parts/packages/ruby2.1/2.1.1/lib/ruby/2.1.0/webrick/httpserver.rb:138:in `service'
  /home/action/.parts/packages/ruby2.1/2.1.1/lib/ruby/2.1.0/webrick/httpserver.rb:94:in `run'
  /home/action/.parts/packages/ruby2.1/2.1.1/lib/ruby/2.1.0/webrick/server.rb:295:in `block in start_thread'


  Rendered /home/action/.gem/ruby/2.1.1/gems/actionpack-4.1.0/lib/action_dispatch/middleware/templates/rescues/_trace.html.erb (2.1ms)
  Rendered /home/action/.gem/ruby/2.1.1/gems/actionpack-4.1.0/lib/action_dispatch/middleware/templates/routes/_route.html.erb (2.6ms)
  Rendered /home/action/.gem/ruby/2.1.1/gems/actionpack-4.1.0/lib/action_dispatch/middleware/templates/routes/_table.html.erb (1.9ms)
  Rendered /home/action/.gem/ruby/2.1.1/gems/actionpack-4.1.0/lib/action_dispatch/middleware/templates/rescues/routing_error.html.erb within rescues/layout (31.9ms)


Started GET "/stream/songs.json" for 116.88.79.47 at 2015-04-07 16:44:11 +0000

ActionController::RoutingError (No route matches [GET] "/stream/songs.json"):
  actionpack (4.1.0) lib/action_dispatch/middleware/debug_exceptions.rb:21:in `call'
  actionpack (4.1.0) lib/action_dispatch/middleware/show_exceptions.rb:30:in `call'
  railties (4.1.0) lib/rails/rack/logger.rb:38:in `call_app'
  railties (4.1.0) lib/rails/rack/logger.rb:20:in `block in call'
  activesupport (4.1.0) lib/active_support/tagged_logging.rb:68:in `block in tagged'
  activesupport (4.1.0) lib/active_support/tagged_logging.rb:26:in `tagged'
  activesupport (4.1.0) lib/active_support/tagged_logging.rb:68:in `tagged'
  railties (4.1.0) lib/rails/rack/logger.rb:20:in `call'
  actionpack (4.1.0) lib/action_dispatch/middleware/request_id.rb:21:in `call'
  rack (1.5.2) lib/rack/methodoverride.rb:21:in `call'
  rack (1.5.2) lib/rack/runtime.rb:17:in `call'
  activesupport (4.1.0) lib/active_support/cache/strategy/local_cache_middleware.rb:26:in `call'
  rack (1.5.2) lib/rack/lock.rb:17:in `call'
  actionpack (4.1.0) lib/action_dispatch/middleware/static.rb:64:in `call'
  rack (1.5.2) lib/rack/sendfile.rb:112:in `call'
  railties (4.1.0) lib/rails/engine.rb:514:in `call'
  railties (4.1.0) lib/rails/application.rb:144:in `call'
  rack (1.5.2) lib/rack/lock.rb:17:in `call'
  rack (1.5.2) lib/rack/content_length.rb:14:in `call'
  rack (1.5.2) lib/rack/handler/webrick.rb:60:in `service'
  /home/action/.parts/packages/ruby2.1/2.1.1/lib/ruby/2.1.0/webrick/httpserver.rb:138:in `service'
  /home/action/.parts/packages/ruby2.1/2.1.1/lib/ruby/2.1.0/webrick/httpserver.rb:94:in `run'
  /home/action/.parts/packages/ruby2.1/2.1.1/lib/ruby/2.1.0/webrick/server.rb:295:in `block in start_thread'


  Rendered /home/action/.gem/ruby/2.1.1/gems/actionpack-4.1.0/lib/action_dispatch/middleware/templates/rescues/_trace.html.erb (1.5ms)
  Rendered /home/action/.gem/ruby/2.1.1/gems/actionpack-4.1.0/lib/action_dispatch/middleware/templates/routes/_route.html.erb (8.4ms)
  Rendered /home/action/.gem/ruby/2.1.1/gems/actionpack-4.1.0/lib/action_dispatch/middleware/templates/routes/_table.html.erb (1.4ms)
  Rendered /home/action/.gem/ruby/2.1.1/gems/actionpack-4.1.0/lib/action_dispatch/middleware/templates/rescues/routing_error.html.erb within rescues/layout (34.5ms)


Started GET "/" for 116.88.79.47 at 2015-04-07 16:45:05 +0000
Processing by Rails::WelcomeController#index as HTML
  Rendered /home/action/.gem/ruby/2.1.1/gems/railties-4.1.0/lib/rails/templates/rails/welcome/index.html.erb (1.7ms)
Completed 200 OK in 4ms (Views: 3.4ms | ActiveRecord: 0.0ms)


Started GET "/stream/genre/songs.json" for 116.88.79.47 at 2015-04-07 16:45:13 +0000

ActionController::RoutingError (No route matches [GET] "/stream/genre/songs.json"):
  actionpack (4.1.0) lib/action_dispatch/middleware/debug_exceptions.rb:21:in `call'
  actionpack (4.1.0) lib/action_dispatch/middleware/show_exceptions.rb:30:in `call'
  railties (4.1.0) lib/rails/rack/logger.rb:38:in `call_app'
  railties (4.1.0) lib/rails/rack/logger.rb:20:in `block in call'
  activesupport (4.1.0) lib/active_support/tagged_logging.rb:68:in `block in tagged'
  activesupport (4.1.0) lib/active_support/tagged_logging.rb:26:in `tagged'
  activesupport (4.1.0) lib/active_support/tagged_logging.rb:68:in `tagged'
  railties (4.1.0) lib/rails/rack/logger.rb:20:in `call'
  actionpack (4.1.0) lib/action_dispatch/middleware/request_id.rb:21:in `call'
  rack (1.5.2) lib/rack/methodoverride.rb:21:in `call'
  rack (1.5.2) lib/rack/runtime.rb:17:in `call'
  activesupport (4.1.0) lib/active_support/cache/strategy/local_cache_middleware.rb:26:in `call'
  rack (1.5.2) lib/rack/lock.rb:17:in `call'
  actionpack (4.1.0) lib/action_dispatch/middleware/static.rb:64:in `call'
  rack (1.5.2) lib/rack/sendfile.rb:112:in `call'
  railties (4.1.0) lib/rails/engine.rb:514:in `call'
  railties (4.1.0) lib/rails/application.rb:144:in `call'
  rack (1.5.2) lib/rack/lock.rb:17:in `call'
  rack (1.5.2) lib/rack/content_length.rb:14:in `call'
  rack (1.5.2) lib/rack/handler/webrick.rb:60:in `service'
  /home/action/.parts/packages/ruby2.1/2.1.1/lib/ruby/2.1.0/webrick/httpserver.rb:138:in `service'
  /home/action/.parts/packages/ruby2.1/2.1.1/lib/ruby/2.1.0/webrick/httpserver.rb:94:in `run'
  /home/action/.parts/packages/ruby2.1/2.1.1/lib/ruby/2.1.0/webrick/server.rb:295:in `block in start_thread'


  Rendered /home/action/.gem/ruby/2.1.1/gems/actionpack-4.1.0/lib/action_dispatch/middleware/templates/rescues/_trace.html.erb (1.7ms)
  Rendered /home/action/.gem/ruby/2.1.1/gems/actionpack-4.1.0/lib/action_dispatch/middleware/templates/routes/_route.html.erb (2.0ms)
  Rendered /home/action/.gem/ruby/2.1.1/gems/actionpack-4.1.0/lib/action_dispatch/middleware/templates/routes/_table.html.erb (2.1ms)
  Rendered /home/action/.gem/ruby/2.1.1/gems/actionpack-4.1.0/lib/action_dispatch/middleware/templates/rescues/routing_error.html.erb within rescues/layout (32.7ms)


Started GET "/stream/genre/songs" for 116.88.79.47 at 2015-04-07 16:45:21 +0000

ActionController::RoutingError (No route matches [GET] "/stream/genre/songs"):
  actionpack (4.1.0) lib/action_dispatch/middleware/debug_exceptions.rb:21:in `call'
  actionpack (4.1.0) lib/action_dispatch/middleware/show_exceptions.rb:30:in `call'
  railties (4.1.0) lib/rails/rack/logger.rb:38:in `call_app'
  railties (4.1.0) lib/rails/rack/logger.rb:20:in `block in call'
  activesupport (4.1.0) lib/active_support/tagged_logging.rb:68:in `block in tagged'
  activesupport (4.1.0) lib/active_support/tagged_logging.rb:26:in `tagged'
  activesupport (4.1.0) lib/active_support/tagged_logging.rb:68:in `tagged'
  railties (4.1.0) lib/rails/rack/logger.rb:20:in `call'
  actionpack (4.1.0) lib/action_dispatch/middleware/request_id.rb:21:in `call'
  rack (1.5.2) lib/rack/methodoverride.rb:21:in `call'
  rack (1.5.2) lib/rack/runtime.rb:17:in `call'
  activesupport (4.1.0) lib/active_support/cache/strategy/local_cache_middleware.rb:26:in `call'
  rack (1.5.2) lib/rack/lock.rb:17:in `call'
  actionpack (4.1.0) lib/action_dispatch/middleware/static.rb:64:in `call'
  rack (1.5.2) lib/rack/sendfile.rb:112:in `call'
  railties (4.1.0) lib/rails/engine.rb:514:in `call'
  railties (4.1.0) lib/rails/application.rb:144:in `call'
  rack (1.5.2) lib/rack/lock.rb:17:in `call'
  rack (1.5.2) lib/rack/content_length.rb:14:in `call'
  rack (1.5.2) lib/rack/handler/webrick.rb:60:in `service'
  /home/action/.parts/packages/ruby2.1/2.1.1/lib/ruby/2.1.0/webrick/httpserver.rb:138:in `service'
  /home/action/.parts/packages/ruby2.1/2.1.1/lib/ruby/2.1.0/webrick/httpserver.rb:94:in `run'
  /home/action/.parts/packages/ruby2.1/2.1.1/lib/ruby/2.1.0/webrick/server.rb:295:in `block in start_thread'


  Rendered /home/action/.gem/ruby/2.1.1/gems/actionpack-4.1.0/lib/action_dispatch/middleware/templates/rescues/_trace.html.erb (1.4ms)
  Rendered /home/action/.gem/ruby/2.1.1/gems/actionpack-4.1.0/lib/action_dispatch/middleware/templates/routes/_route.html.erb (1.7ms)
  Rendered /home/action/.gem/ruby/2.1.1/gems/actionpack-4.1.0/lib/action_dispatch/middleware/templates/routes/_table.html.erb (1.4ms)
  Rendered /home/action/.gem/ruby/2.1.1/gems/actionpack-4.1.0/lib/action_dispatch/middleware/templates/rescues/routing_error.html.erb within rescues/layout (27.2ms)


Started GET "/stream/genre" for 116.88.79.47 at 2015-04-07 16:45:25 +0000
Processing by StreamController#genre as HTML
  Rendered stream/genre.html.erb within layouts/application (0.1ms)
Completed 200 OK in 68ms (Views: 66.8ms | ActiveRecord: 0.0ms)


Started GET "/assets/songs.css?body=1" for 116.88.79.47 at 2015-04-07 16:45:26 +0000


Started GET "/assets/stream.css?body=1" for 116.88.79.47 at 2015-04-07 16:45:26 +0000


Started GET "/assets/application.css?body=1" for 116.88.79.47 at 2015-04-07 16:45:26 +0000


Started GET "/assets/scaffolds.css?body=1" for 116.88.79.47 at 2015-04-07 16:45:26 +0000


Started GET "/assets/jquery.js?body=1" for 116.88.79.47 at 2015-04-07 16:45:26 +0000


Started GET "/assets/turbolinks.js?body=1" for 116.88.79.47 at 2015-04-07 16:45:26 +0000


Started GET "/assets/jquery_ujs.js?body=1" for 116.88.79.47 at 2015-04-07 16:45:26 +0000


Started GET "/assets/stream.js?body=1" for 116.88.79.47 at 2015-04-07 16:45:26 +0000


Started GET "/assets/application.js?body=1" for 116.88.79.47 at 2015-04-07 16:45:26 +0000


Started GET "/assets/songs.js?body=1" for 116.88.79.47 at 2015-04-07 16:45:26 +0000


Started GET "/stream/genre" for 116.88.79.47 at 2015-04-07 16:45:30 +0000
Processing by StreamController#genre as HTML
  Rendered stream/genre.html.erb within layouts/application (0.1ms)
Completed 200 OK in 135ms (Views: 134.4ms | ActiveRecord: 0.0ms)


Started GET "/assets/application.js?body=1" for 116.88.79.47 at 2015-04-07 16:45:30 +0000


Started GET "/assets/songs.css?body=1" for 116.88.79.47 at 2015-04-07 16:45:30 +0000


Started GET "/assets/stream.css?body=1" for 116.88.79.47 at 2015-04-07 16:45:30 +0000


Started GET "/assets/application.css?body=1" for 116.88.79.47 at 2015-04-07 16:45:30 +0000


Started GET "/assets/songs.js?body=1" for 116.88.79.47 at 2015-04-07 16:45:30 +0000


Started GET "/assets/stream.js?body=1" for 116.88.79.47 at 2015-04-07 16:45:30 +0000


Started GET "/stream/genre" for 116.88.79.47 at 2015-04-07 16:45:47 +0000
Processing by StreamController#genre as HTML
  Rendered stream/genre.html.erb within layouts/application (0.1ms)
Completed 200 OK in 63ms (Views: 60.3ms | ActiveRecord: 0.0ms)


Started GET "/assets/songs.css?body=1" for 116.88.79.47 at 2015-04-07 16:45:47 +0000


Started GET "/assets/application.css?body=1" for 116.88.79.47 at 2015-04-07 16:45:47 +0000


Started GET "/assets/stream.css?body=1" for 116.88.79.47 at 2015-04-07 16:45:47 +0000


Started GET "/assets/songs.js?body=1" for 116.88.79.47 at 2015-04-07 16:45:47 +0000


Started GET "/assets/application.js?body=1" for 116.88.79.47 at 2015-04-07 16:45:47 +0000


Started GET "/assets/stream.js?body=1" for 116.88.79.47 at 2015-04-07 16:45:47 +0000


Started GET "/stream/genre/songs.json" for 116.88.79.47 at 2015-04-07 16:45:52 +0000

ActionController::RoutingError (No route matches [GET] "/stream/genre/songs.json"):
  actionpack (4.1.0) lib/action_dispatch/middleware/debug_exceptions.rb:21:in `call'
  actionpack (4.1.0) lib/action_dispatch/middleware/show_exceptions.rb:30:in `call'
  railties (4.1.0) lib/rails/rack/logger.rb:38:in `call_app'
  railties (4.1.0) lib/rails/rack/logger.rb:20:in `block in call'
  activesupport (4.1.0) lib/active_support/tagged_logging.rb:68:in `block in tagged'
  activesupport (4.1.0) lib/active_support/tagged_logging.rb:26:in `tagged'
  activesupport (4.1.0) lib/active_support/tagged_logging.rb:68:in `tagged'
  railties (4.1.0) lib/rails/rack/logger.rb:20:in `call'
  actionpack (4.1.0) lib/action_dispatch/middleware/request_id.rb:21:in `call'
  rack (1.5.2) lib/rack/methodoverride.rb:21:in `call'
  rack (1.5.2) lib/rack/runtime.rb:17:in `call'
  activesupport (4.1.0) lib/active_support/cache/strategy/local_cache_middleware.rb:26:in `call'
  rack (1.5.2) lib/rack/lock.rb:17:in `call'
  actionpack (4.1.0) lib/action_dispatch/middleware/static.rb:64:in `call'
  rack (1.5.2) lib/rack/sendfile.rb:112:in `call'
  railties (4.1.0) lib/rails/engine.rb:514:in `call'
  railties (4.1.0) lib/rails/application.rb:144:in `call'
  rack (1.5.2) lib/rack/lock.rb:17:in `call'
  rack (1.5.2) lib/rack/content_length.rb:14:in `call'
  rack (1.5.2) lib/rack/handler/webrick.rb:60:in `service'
  /home/action/.parts/packages/ruby2.1/2.1.1/lib/ruby/2.1.0/webrick/httpserver.rb:138:in `service'
  /home/action/.parts/packages/ruby2.1/2.1.1/lib/ruby/2.1.0/webrick/httpserver.rb:94:in `run'
  /home/action/.parts/packages/ruby2.1/2.1.1/lib/ruby/2.1.0/webrick/server.rb:295:in `block in start_thread'


  Rendered /home/action/.gem/ruby/2.1.1/gems/actionpack-4.1.0/lib/action_dispatch/middleware/templates/rescues/_trace.html.erb (1.9ms)
  Rendered /home/action/.gem/ruby/2.1.1/gems/actionpack-4.1.0/lib/action_dispatch/middleware/templates/routes/_route.html.erb (2.1ms)
  Rendered /home/action/.gem/ruby/2.1.1/gems/actionpack-4.1.0/lib/action_dispatch/middleware/templates/routes/_table.html.erb (1.9ms)
  Rendered /home/action/.gem/ruby/2.1.1/gems/actionpack-4.1.0/lib/action_dispatch/middleware/templates/rescues/routing_error.html.erb within rescues/layout (34.8ms)


Started GET "/stream/genre.json" for 116.88.79.47 at 2015-04-07 16:45:55 +0000
Processing by StreamController#genre as JSON
  [1m[35mSong Load (0.6ms)[0m  SELECT "songs".* FROM "songs"
Completed 200 OK in 9ms (Views: 7.5ms | ActiveRecord: 0.9ms)


Started GET "/stream/jzzz.json" for 116.88.79.47 at 2015-04-07 16:47:10 +0000

ActionController::RoutingError (No route matches [GET] "/stream/jzzz.json"):
  actionpack (4.1.0) lib/action_dispatch/middleware/debug_exceptions.rb:21:in `call'
  actionpack (4.1.0) lib/action_dispatch/middleware/show_exceptions.rb:30:in `call'
  railties (4.1.0) lib/rails/rack/logger.rb:38:in `call_app'
  railties (4.1.0) lib/rails/rack/logger.rb:20:in `block in call'
  activesupport (4.1.0) lib/active_support/tagged_logging.rb:68:in `block in tagged'
  activesupport (4.1.0) lib/active_support/tagged_logging.rb:26:in `tagged'
  activesupport (4.1.0) lib/active_support/tagged_logging.rb:68:in `tagged'
  railties (4.1.0) lib/rails/rack/logger.rb:20:in `call'
  actionpack (4.1.0) lib/action_dispatch/middleware/request_id.rb:21:in `call'
  rack (1.5.2) lib/rack/methodoverride.rb:21:in `call'
  rack (1.5.2) lib/rack/runtime.rb:17:in `call'
  activesupport (4.1.0) lib/active_support/cache/strategy/local_cache_middleware.rb:26:in `call'
  rack (1.5.2) lib/rack/lock.rb:17:in `call'
  actionpack (4.1.0) lib/action_dispatch/middleware/static.rb:64:in `call'
  rack (1.5.2) lib/rack/sendfile.rb:112:in `call'
  railties (4.1.0) lib/rails/engine.rb:514:in `call'
  railties (4.1.0) lib/rails/application.rb:144:in `call'
  rack (1.5.2) lib/rack/lock.rb:17:in `call'
  rack (1.5.2) lib/rack/content_length.rb:14:in `call'
  rack (1.5.2) lib/rack/handler/webrick.rb:60:in `service'
  /home/action/.parts/packages/ruby2.1/2.1.1/lib/ruby/2.1.0/webrick/httpserver.rb:138:in `service'
  /home/action/.parts/packages/ruby2.1/2.1.1/lib/ruby/2.1.0/webrick/httpserver.rb:94:in `run'
  /home/action/.parts/packages/ruby2.1/2.1.1/lib/ruby/2.1.0/webrick/server.rb:295:in `block in start_thread'


  Rendered /home/action/.gem/ruby/2.1.1/gems/actionpack-4.1.0/lib/action_dispatch/middleware/templates/rescues/_trace.html.erb (1.6ms)
  Rendered /home/action/.gem/ruby/2.1.1/gems/actionpack-4.1.0/lib/action_dispatch/middleware/templates/routes/_route.html.erb (1.7ms)
  Rendered /home/action/.gem/ruby/2.1.1/gems/actionpack-4.1.0/lib/action_dispatch/middleware/templates/routes/_table.html.erb (1.5ms)
  Rendered /home/action/.gem/ruby/2.1.1/gems/actionpack-4.1.0/lib/action_dispatch/middleware/templates/rescues/routing_error.html.erb within rescues/layout (28.4ms)


Started GET "/stream/jqzz.json" for 116.88.79.47 at 2015-04-07 16:47:18 +0000

ActionController::RoutingError (No route matches [GET] "/stream/jqzz.json"):
  actionpack (4.1.0) lib/action_dispatch/middleware/debug_exceptions.rb:21:in `call'
  actionpack (4.1.0) lib/action_dispatch/middleware/show_exceptions.rb:30:in `call'
  railties (4.1.0) lib/rails/rack/logger.rb:38:in `call_app'
  railties (4.1.0) lib/rails/rack/logger.rb:20:in `block in call'
  activesupport (4.1.0) lib/active_support/tagged_logging.rb:68:in `block in tagged'
  activesupport (4.1.0) lib/active_support/tagged_logging.rb:26:in `tagged'
  activesupport (4.1.0) lib/active_support/tagged_logging.rb:68:in `tagged'
  railties (4.1.0) lib/rails/rack/logger.rb:20:in `call'
  actionpack (4.1.0) lib/action_dispatch/middleware/request_id.rb:21:in `call'
  rack (1.5.2) lib/rack/methodoverride.rb:21:in `call'
  rack (1.5.2) lib/rack/runtime.rb:17:in `call'
  activesupport (4.1.0) lib/active_support/cache/strategy/local_cache_middleware.rb:26:in `call'
  rack (1.5.2) lib/rack/lock.rb:17:in `call'
  actionpack (4.1.0) lib/action_dispatch/middleware/static.rb:64:in `call'
  rack (1.5.2) lib/rack/sendfile.rb:112:in `call'
  railties (4.1.0) lib/rails/engine.rb:514:in `call'
  railties (4.1.0) lib/rails/application.rb:144:in `call'
  rack (1.5.2) lib/rack/lock.rb:17:in `call'
  rack (1.5.2) lib/rack/content_length.rb:14:in `call'
  rack (1.5.2) lib/rack/handler/webrick.rb:60:in `service'
  /home/action/.parts/packages/ruby2.1/2.1.1/lib/ruby/2.1.0/webrick/httpserver.rb:138:in `service'
  /home/action/.parts/packages/ruby2.1/2.1.1/lib/ruby/2.1.0/webrick/httpserver.rb:94:in `run'
  /home/action/.parts/packages/ruby2.1/2.1.1/lib/ruby/2.1.0/webrick/server.rb:295:in `block in start_thread'


  Rendered /home/action/.gem/ruby/2.1.1/gems/actionpack-4.1.0/lib/action_dispatch/middleware/templates/rescues/_trace.html.erb (1.4ms)
  Rendered /home/action/.gem/ruby/2.1.1/gems/actionpack-4.1.0/lib/action_dispatch/middleware/templates/routes/_route.html.erb (2.2ms)
  Rendered /home/action/.gem/ruby/2.1.1/gems/actionpack-4.1.0/lib/action_dispatch/middleware/templates/routes/_table.html.erb (1.6ms)
  Rendered /home/action/.gem/ruby/2.1.1/gems/actionpack-4.1.0/lib/action_dispatch/middleware/templates/rescues/routing_error.html.erb within rescues/layout (32.0ms)


Started GET "/stream/jazz.json" for 116.88.79.47 at 2015-04-07 16:47:25 +0000

AbstractController::ActionNotFound (The action 'jazz' could not be found for StreamController):
  actionpack (4.1.0) lib/abstract_controller/base.rb:131:in `process'
  actionview (4.1.0) lib/action_view/rendering.rb:30:in `process'
  actionpack (4.1.0) lib/action_controller/metal.rb:195:in `dispatch'
  actionpack (4.1.0) lib/action_controller/metal/rack_delegation.rb:13:in `dispatch'
  actionpack (4.1.0) lib/action_controller/metal.rb:231:in `block in action'
  actionpack (4.1.0) lib/action_dispatch/routing/route_set.rb:80:in `call'
  actionpack (4.1.0) lib/action_dispatch/routing/route_set.rb:80:in `dispatch'
  actionpack (4.1.0) lib/action_dispatch/routing/route_set.rb:48:in `call'
  actionpack (4.1.0) lib/action_dispatch/journey/router.rb:71:in `block in call'
  actionpack (4.1.0) lib/action_dispatch/journey/router.rb:59:in `each'
  actionpack (4.1.0) lib/action_dispatch/journey/router.rb:59:in `call'
  actionpack (4.1.0) lib/action_dispatch/routing/route_set.rb:676:in `call'
  rack (1.5.2) lib/rack/etag.rb:23:in `call'
  rack (1.5.2) lib/rack/conditionalget.rb:25:in `call'
  rack (1.5.2) lib/rack/head.rb:11:in `call'
  actionpack (4.1.0) lib/action_dispatch/middleware/params_parser.rb:27:in `call'
  actionpack (4.1.0) lib/action_dispatch/middleware/flash.rb:254:in `call'
  rack (1.5.2) lib/rack/session/abstract/id.rb:225:in `context'
  rack (1.5.2) lib/rack/session/abstract/id.rb:220:in `call'
  actionpack (4.1.0) lib/action_dispatch/middleware/cookies.rb:560:in `call'
  activerecord (4.1.0) lib/active_record/query_cache.rb:36:in `call'
  activerecord (4.1.0) lib/active_record/connection_adapters/abstract/connection_pool.rb:621:in `call'
  activerecord (4.1.0) lib/active_record/migration.rb:380:in `call'
  actionpack (4.1.0) lib/action_dispatch/middleware/callbacks.rb:29:in `block in call'
  activesupport (4.1.0) lib/active_support/callbacks.rb:82:in `run_callbacks'
  actionpack (4.1.0) lib/action_dispatch/middleware/callbacks.rb:27:in `call'
  actionpack (4.1.0) lib/action_dispatch/middleware/reloader.rb:73:in `call'
  actionpack (4.1.0) lib/action_dispatch/middleware/remote_ip.rb:76:in `call'
  actionpack (4.1.0) lib/action_dispatch/middleware/debug_exceptions.rb:17:in `call'
  actionpack (4.1.0) lib/action_dispatch/middleware/show_exceptions.rb:30:in `call'
  railties (4.1.0) lib/rails/rack/logger.rb:38:in `call_app'
  railties (4.1.0) lib/rails/rack/logger.rb:20:in `block in call'
  activesupport (4.1.0) lib/active_support/tagged_logging.rb:68:in `block in tagged'
  activesupport (4.1.0) lib/active_support/tagged_logging.rb:26:in `tagged'
  activesupport (4.1.0) lib/active_support/tagged_logging.rb:68:in `tagged'
  railties (4.1.0) lib/rails/rack/logger.rb:20:in `call'
  actionpack (4.1.0) lib/action_dispatch/middleware/request_id.rb:21:in `call'
  rack (1.5.2) lib/rack/methodoverride.rb:21:in `call'
  rack (1.5.2) lib/rack/runtime.rb:17:in `call'
  activesupport (4.1.0) lib/active_support/cache/strategy/local_cache_middleware.rb:26:in `call'
  rack (1.5.2) lib/rack/lock.rb:17:in `call'
  actionpack (4.1.0) lib/action_dispatch/middleware/static.rb:64:in `call'
  rack (1.5.2) lib/rack/sendfile.rb:112:in `call'
  railties (4.1.0) lib/rails/engine.rb:514:in `call'
  railties (4.1.0) lib/rails/application.rb:144:in `call'
  rack (1.5.2) lib/rack/lock.rb:17:in `call'
  rack (1.5.2) lib/rack/content_length.rb:14:in `call'
  rack (1.5.2) lib/rack/handler/webrick.rb:60:in `service'
  /home/action/.parts/packages/ruby2.1/2.1.1/lib/ruby/2.1.0/webrick/httpserver.rb:138:in `service'
  /home/action/.parts/packages/ruby2.1/2.1.1/lib/ruby/2.1.0/webrick/httpserver.rb:94:in `run'
  /home/action/.parts/packages/ruby2.1/2.1.1/lib/ruby/2.1.0/webrick/server.rb:295:in `block in start_thread'


  Rendered /home/action/.gem/ruby/2.1.1/gems/actionpack-4.1.0/lib/action_dispatch/middleware/templates/rescues/unknown_action.html.erb within rescues/layout (0.6ms)


Started GET "/stream/genre" for 116.88.79.47 at 2015-04-07 16:48:06 +0000

ActionController::RoutingError (No route matches [GET] "/stream/genre"):
  actionpack (4.1.0) lib/action_dispatch/middleware/debug_exceptions.rb:21:in `call'
  actionpack (4.1.0) lib/action_dispatch/middleware/show_exceptions.rb:30:in `call'
  railties (4.1.0) lib/rails/rack/logger.rb:38:in `call_app'
  railties (4.1.0) lib/rails/rack/logger.rb:20:in `block in call'
  activesupport (4.1.0) lib/active_support/tagged_logging.rb:68:in `block in tagged'
  activesupport (4.1.0) lib/active_support/tagged_logging.rb:26:in `tagged'
  activesupport (4.1.0) lib/active_support/tagged_logging.rb:68:in `tagged'
  railties (4.1.0) lib/rails/rack/logger.rb:20:in `call'
  actionpack (4.1.0) lib/action_dispatch/middleware/request_id.rb:21:in `call'
  rack (1.5.2) lib/rack/methodoverride.rb:21:in `call'
  rack (1.5.2) lib/rack/runtime.rb:17:in `call'
  activesupport (4.1.0) lib/active_support/cache/strategy/local_cache_middleware.rb:26:in `call'
  rack (1.5.2) lib/rack/lock.rb:17:in `call'
  actionpack (4.1.0) lib/action_dispatch/middleware/static.rb:64:in `call'
  rack (1.5.2) lib/rack/sendfile.rb:112:in `call'
  railties (4.1.0) lib/rails/engine.rb:514:in `call'
  railties (4.1.0) lib/rails/application.rb:144:in `call'
  rack (1.5.2) lib/rack/lock.rb:17:in `call'
  rack (1.5.2) lib/rack/content_length.rb:14:in `call'
  rack (1.5.2) lib/rack/handler/webrick.rb:60:in `service'
  /home/action/.parts/packages/ruby2.1/2.1.1/lib/ruby/2.1.0/webrick/httpserver.rb:138:in `service'
  /home/action/.parts/packages/ruby2.1/2.1.1/lib/ruby/2.1.0/webrick/httpserver.rb:94:in `run'
  /home/action/.parts/packages/ruby2.1/2.1.1/lib/ruby/2.1.0/webrick/server.rb:295:in `block in start_thread'


  Rendered /home/action/.gem/ruby/2.1.1/gems/actionpack-4.1.0/lib/action_dispatch/middleware/templates/rescues/_trace.html.erb (1.4ms)
  Rendered /home/action/.gem/ruby/2.1.1/gems/actionpack-4.1.0/lib/action_dispatch/middleware/templates/routes/_route.html.erb (1.7ms)
  Rendered /home/action/.gem/ruby/2.1.1/gems/actionpack-4.1.0/lib/action_dispatch/middleware/templates/routes/_table.html.erb (1.8ms)
  Rendered /home/action/.gem/ruby/2.1.1/gems/actionpack-4.1.0/lib/action_dispatch/middleware/templates/rescues/routing_error.html.erb within rescues/layout (27.6ms)


Started GET "/stream/genre.json" for 116.88.79.47 at 2015-04-07 16:48:12 +0000

ActionController::RoutingError (No route matches [GET] "/stream/genre.json"):
  actionpack (4.1.0) lib/action_dispatch/middleware/debug_exceptions.rb:21:in `call'
  actionpack (4.1.0) lib/action_dispatch/middleware/show_exceptions.rb:30:in `call'
  railties (4.1.0) lib/rails/rack/logger.rb:38:in `call_app'
  railties (4.1.0) lib/rails/rack/logger.rb:20:in `block in call'
  activesupport (4.1.0) lib/active_support/tagged_logging.rb:68:in `block in tagged'
  activesupport (4.1.0) lib/active_support/tagged_logging.rb:26:in `tagged'
  activesupport (4.1.0) lib/active_support/tagged_logging.rb:68:in `tagged'
  railties (4.1.0) lib/rails/rack/logger.rb:20:in `call'
  actionpack (4.1.0) lib/action_dispatch/middleware/request_id.rb:21:in `call'
  rack (1.5.2) lib/rack/methodoverride.rb:21:in `call'
  rack (1.5.2) lib/rack/runtime.rb:17:in `call'
  activesupport (4.1.0) lib/active_support/cache/strategy/local_cache_middleware.rb:26:in `call'
  rack (1.5.2) lib/rack/lock.rb:17:in `call'
  actionpack (4.1.0) lib/action_dispatch/middleware/static.rb:64:in `call'
  rack (1.5.2) lib/rack/sendfile.rb:112:in `call'
  railties (4.1.0) lib/rails/engine.rb:514:in `call'
  railties (4.1.0) lib/rails/application.rb:144:in `call'
  rack (1.5.2) lib/rack/lock.rb:17:in `call'
  rack (1.5.2) lib/rack/content_length.rb:14:in `call'
  rack (1.5.2) lib/rack/handler/webrick.rb:60:in `service'
  /home/action/.parts/packages/ruby2.1/2.1.1/lib/ruby/2.1.0/webrick/httpserver.rb:138:in `service'
  /home/action/.parts/packages/ruby2.1/2.1.1/lib/ruby/2.1.0/webrick/httpserver.rb:94:in `run'
  /home/action/.parts/packages/ruby2.1/2.1.1/lib/ruby/2.1.0/webrick/server.rb:295:in `block in start_thread'


  Rendered /home/action/.gem/ruby/2.1.1/gems/actionpack-4.1.0/lib/action_dispatch/middleware/templates/rescues/_trace.html.erb (1.4ms)
  Rendered /home/action/.gem/ruby/2.1.1/gems/actionpack-4.1.0/lib/action_dispatch/middleware/templates/routes/_route.html.erb (1.4ms)
  Rendered /home/action/.gem/ruby/2.1.1/gems/actionpack-4.1.0/lib/action_dispatch/middleware/templates/routes/_table.html.erb (1.2ms)
  Rendered /home/action/.gem/ruby/2.1.1/gems/actionpack-4.1.0/lib/action_dispatch/middleware/templates/rescues/routing_error.html.erb within rescues/layout (26.0ms)


Started GET "/stream/jazz" for 116.88.79.47 at 2015-04-07 16:48:22 +0000

AbstractController::ActionNotFound (The action 'jazz' could not be found for StreamController):
  actionpack (4.1.0) lib/abstract_controller/base.rb:131:in `process'
  actionview (4.1.0) lib/action_view/rendering.rb:30:in `process'
  actionpack (4.1.0) lib/action_controller/metal.rb:195:in `dispatch'
  actionpack (4.1.0) lib/action_controller/metal/rack_delegation.rb:13:in `dispatch'
  actionpack (4.1.0) lib/action_controller/metal.rb:231:in `block in action'
  actionpack (4.1.0) lib/action_dispatch/routing/route_set.rb:80:in `call'
  actionpack (4.1.0) lib/action_dispatch/routing/route_set.rb:80:in `dispatch'
  actionpack (4.1.0) lib/action_dispatch/routing/route_set.rb:48:in `call'
  actionpack (4.1.0) lib/action_dispatch/journey/router.rb:71:in `block in call'
  actionpack (4.1.0) lib/action_dispatch/journey/router.rb:59:in `each'
  actionpack (4.1.0) lib/action_dispatch/journey/router.rb:59:in `call'
  actionpack (4.1.0) lib/action_dispatch/routing/route_set.rb:676:in `call'
  rack (1.5.2) lib/rack/etag.rb:23:in `call'
  rack (1.5.2) lib/rack/conditionalget.rb:25:in `call'
  rack (1.5.2) lib/rack/head.rb:11:in `call'
  actionpack (4.1.0) lib/action_dispatch/middleware/params_parser.rb:27:in `call'
  actionpack (4.1.0) lib/action_dispatch/middleware/flash.rb:254:in `call'
  rack (1.5.2) lib/rack/session/abstract/id.rb:225:in `context'
  rack (1.5.2) lib/rack/session/abstract/id.rb:220:in `call'
  actionpack (4.1.0) lib/action_dispatch/middleware/cookies.rb:560:in `call'
  activerecord (4.1.0) lib/active_record/query_cache.rb:36:in `call'
  activerecord (4.1.0) lib/active_record/connection_adapters/abstract/connection_pool.rb:621:in `call'
  activerecord (4.1.0) lib/active_record/migration.rb:380:in `call'
  actionpack (4.1.0) lib/action_dispatch/middleware/callbacks.rb:29:in `block in call'
  activesupport (4.1.0) lib/active_support/callbacks.rb:82:in `run_callbacks'
  actionpack (4.1.0) lib/action_dispatch/middleware/callbacks.rb:27:in `call'
  actionpack (4.1.0) lib/action_dispatch/middleware/reloader.rb:73:in `call'
  actionpack (4.1.0) lib/action_dispatch/middleware/remote_ip.rb:76:in `call'
  actionpack (4.1.0) lib/action_dispatch/middleware/debug_exceptions.rb:17:in `call'
  actionpack (4.1.0) lib/action_dispatch/middleware/show_exceptions.rb:30:in `call'
  railties (4.1.0) lib/rails/rack/logger.rb:38:in `call_app'
  railties (4.1.0) lib/rails/rack/logger.rb:20:in `block in call'
  activesupport (4.1.0) lib/active_support/tagged_logging.rb:68:in `block in tagged'
  activesupport (4.1.0) lib/active_support/tagged_logging.rb:26:in `tagged'
  activesupport (4.1.0) lib/active_support/tagged_logging.rb:68:in `tagged'
  railties (4.1.0) lib/rails/rack/logger.rb:20:in `call'
  actionpack (4.1.0) lib/action_dispatch/middleware/request_id.rb:21:in `call'
  rack (1.5.2) lib/rack/methodoverride.rb:21:in `call'
  rack (1.5.2) lib/rack/runtime.rb:17:in `call'
  activesupport (4.1.0) lib/active_support/cache/strategy/local_cache_middleware.rb:26:in `call'
  rack (1.5.2) lib/rack/lock.rb:17:in `call'
  actionpack (4.1.0) lib/action_dispatch/middleware/static.rb:64:in `call'
  rack (1.5.2) lib/rack/sendfile.rb:112:in `call'
  railties (4.1.0) lib/rails/engine.rb:514:in `call'
  railties (4.1.0) lib/rails/application.rb:144:in `call'
  rack (1.5.2) lib/rack/lock.rb:17:in `call'
  rack (1.5.2) lib/rack/content_length.rb:14:in `call'
  rack (1.5.2) lib/rack/handler/webrick.rb:60:in `service'
  /home/action/.parts/packages/ruby2.1/2.1.1/lib/ruby/2.1.0/webrick/httpserver.rb:138:in `service'
  /home/action/.parts/packages/ruby2.1/2.1.1/lib/ruby/2.1.0/webrick/httpserver.rb:94:in `run'
  /home/action/.parts/packages/ruby2.1/2.1.1/lib/ruby/2.1.0/webrick/server.rb:295:in `block in start_thread'


  Rendered /home/action/.gem/ruby/2.1.1/gems/actionpack-4.1.0/lib/action_dispatch/middleware/templates/rescues/unknown_action.html.erb within rescues/layout (0.5ms)


Started GET "/stream/genre.json" for 116.88.79.47 at 2015-04-07 16:49:49 +0000
Processing by StreamController#genre as JSON
  [1m[36m (0.2ms)[0m  [1mSELECT COUNT(*) FROM "songs"[0m
  [1m[35mSong Load (0.2ms)[0m  SELECT  "songs".* FROM "songs"   ORDER BY "songs"."id" ASC LIMIT 1 OFFSET 4
Completed 200 OK in 10ms (Views: 3.3ms | ActiveRecord: 0.9ms)


Started GET "/stream/genre.json" for 116.88.79.47 at 2015-04-07 16:49:53 +0000
Processing by StreamController#genre as JSON
  [1m[36m (0.3ms)[0m  [1mSELECT COUNT(*) FROM "songs"[0m
  [1m[35mSong Load (0.2ms)[0m  SELECT  "songs".* FROM "songs"   ORDER BY "songs"."id" ASC LIMIT 1 OFFSET 0
Completed 200 OK in 4ms (Views: 0.6ms | ActiveRecord: 0.5ms)


Started GET "/stream/genre.json" for 116.88.79.47 at 2015-04-07 16:49:55 +0000
Processing by StreamController#genre as JSON
  [1m[36m (0.3ms)[0m  [1mSELECT COUNT(*) FROM "songs"[0m
  [1m[35mSong Load (0.3ms)[0m  SELECT  "songs".* FROM "songs"   ORDER BY "songs"."id" ASC LIMIT 1 OFFSET 1
Completed 200 OK in 3ms (Views: 0.7ms | ActiveRecord: 0.5ms)


Started GET "/stream/genre.json" for 116.88.79.47 at 2015-04-07 16:49:55 +0000
Processing by StreamController#genre as JSON
  [1m[36m (0.3ms)[0m  [1mSELECT COUNT(*) FROM "songs"[0m
  [1m[35mSong Load (0.2ms)[0m  SELECT  "songs".* FROM "songs"   ORDER BY "songs"."id" ASC LIMIT 1 OFFSET 1
Completed 200 OK in 3ms (Views: 0.7ms | ActiveRecord: 0.5ms)


Started GET "/stream/genre.json" for 116.88.79.47 at 2015-04-07 16:49:55 +0000
Processing by StreamController#genre as JSON
  [1m[36m (0.2ms)[0m  [1mSELECT COUNT(*) FROM "songs"[0m
  [1m[35mSong Load (0.2ms)[0m  SELECT  "songs".* FROM "songs"   ORDER BY "songs"."id" ASC LIMIT 1 OFFSET 3
Completed 200 OK in 3ms (Views: 0.5ms | ActiveRecord: 0.4ms)


Started GET "/" for 116.88.79.47 at 2015-04-07 16:56:56 +0000
  [1m[36mActiveRecord::SchemaMigration Load (0.2ms)[0m  [1mSELECT "schema_migrations".* FROM "schema_migrations"[0m
Processing by Rails::WelcomeController#index as HTML
  Rendered /home/action/.gem/ruby/2.1.1/gems/railties-4.1.0/lib/rails/templates/rails/welcome/index.html.erb (2.3ms)
Completed 200 OK in 32ms (Views: 10.4ms | ActiveRecord: 0.0ms)


Started GET "/" for 54.152.252.37 at 2015-04-07 16:57:06 +0000
Processing by Rails::WelcomeController#index as */*
  Rendered /home/action/.gem/ruby/2.1.1/gems/railties-4.1.0/lib/rails/templates/rails/welcome/index.html.erb (1.2ms)
Completed 200 OK in 9ms (Views: 8.8ms | ActiveRecord: 0.0ms)


Started GET "/stream/genre.json" for 116.88.79.47 at 2015-04-07 16:57:17 +0000
Processing by StreamController#genre as JSON
  [1m[35m (0.2ms)[0m  SELECT COUNT(*) FROM "songs"
  [1m[36mSong Load (0.3ms)[0m  [1mSELECT  "songs".* FROM "songs"   ORDER BY "songs"."id" ASC LIMIT 1 OFFSET 4[0m
Completed 200 OK in 11ms (Views: 4.8ms | ActiveRecord: 0.9ms)


Started GET "/stream/genre.json" for 54.175.106.62 at 2015-04-07 16:57:21 +0000
Processing by StreamController#genre as JSON
  [1m[35m (0.2ms)[0m  SELECT COUNT(*) FROM "songs"
  [1m[36mSong Load (0.2ms)[0m  [1mSELECT  "songs".* FROM "songs"   ORDER BY "songs"."id" ASC LIMIT 1 OFFSET 2[0m
Completed 200 OK in 3ms (Views: 0.6ms | ActiveRecord: 0.5ms)


Started GET "/stream/genre." for 116.88.79.47 at 2015-04-07 16:58:01 +0000

ActionController::RoutingError (No route matches [GET] "/stream/genre."):
  actionpack (4.1.0) lib/action_dispatch/middleware/debug_exceptions.rb:21:in `call'
  actionpack (4.1.0) lib/action_dispatch/middleware/show_exceptions.rb:30:in `call'
  railties (4.1.0) lib/rails/rack/logger.rb:38:in `call_app'
  railties (4.1.0) lib/rails/rack/logger.rb:20:in `block in call'
  activesupport (4.1.0) lib/active_support/tagged_logging.rb:68:in `block in tagged'
  activesupport (4.1.0) lib/active_support/tagged_logging.rb:26:in `tagged'
  activesupport (4.1.0) lib/active_support/tagged_logging.rb:68:in `tagged'
  railties (4.1.0) lib/rails/rack/logger.rb:20:in `call'
  actionpack (4.1.0) lib/action_dispatch/middleware/request_id.rb:21:in `call'
  rack (1.5.2) lib/rack/methodoverride.rb:21:in `call'
  rack (1.5.2) lib/rack/runtime.rb:17:in `call'
  activesupport (4.1.0) lib/active_support/cache/strategy/local_cache_middleware.rb:26:in `call'
  rack (1.5.2) lib/rack/lock.rb:17:in `call'
  actionpack (4.1.0) lib/action_dispatch/middleware/static.rb:64:in `call'
  rack (1.5.2) lib/rack/sendfile.rb:112:in `call'
  railties (4.1.0) lib/rails/engine.rb:514:in `call'
  railties (4.1.0) lib/rails/application.rb:144:in `call'
  rack (1.5.2) lib/rack/lock.rb:17:in `call'
  rack (1.5.2) lib/rack/content_length.rb:14:in `call'
  rack (1.5.2) lib/rack/handler/webrick.rb:60:in `service'
  /home/action/.parts/packages/ruby2.1/2.1.1/lib/ruby/2.1.0/webrick/httpserver.rb:138:in `service'
  /home/action/.parts/packages/ruby2.1/2.1.1/lib/ruby/2.1.0/webrick/httpserver.rb:94:in `run'
  /home/action/.parts/packages/ruby2.1/2.1.1/lib/ruby/2.1.0/webrick/server.rb:295:in `block in start_thread'


  Rendered /home/action/.gem/ruby/2.1.1/gems/actionpack-4.1.0/lib/action_dispatch/middleware/templates/rescues/_trace.html.erb (1.5ms)
  Rendered /home/action/.gem/ruby/2.1.1/gems/actionpack-4.1.0/lib/action_dispatch/middleware/templates/routes/_route.html.erb (1.8ms)
  Rendered /home/action/.gem/ruby/2.1.1/gems/actionpack-4.1.0/lib/action_dispatch/middleware/templates/routes/_table.html.erb (9.4ms)
  Rendered /home/action/.gem/ruby/2.1.1/gems/actionpack-4.1.0/lib/action_dispatch/middleware/templates/rescues/routing_error.html.erb within rescues/layout (39.0ms)


Started GET "/stream/genre" for 116.88.79.47 at 2015-04-07 16:58:03 +0000
Processing by StreamController#genre as HTML
  [1m[35m (0.2ms)[0m  SELECT COUNT(*) FROM "songs"
  [1m[36mSong Load (0.2ms)[0m  [1mSELECT  "songs".* FROM "songs"   ORDER BY "songs"."id" ASC LIMIT 1 OFFSET 1[0m
  Rendered stream/genre.html.erb within layouts/application (0.5ms)
Completed 200 OK in 105ms (Views: 102.3ms | ActiveRecord: 0.4ms)


Started GET "/assets/scaffolds.css?body=1" for 116.88.79.47 at 2015-04-07 16:58:03 +0000


Started GET "/assets/songs.css?body=1" for 116.88.79.47 at 2015-04-07 16:58:03 +0000


Started GET "/assets/application.css?body=1" for 116.88.79.47 at 2015-04-07 16:58:03 +0000


Started GET "/assets/stream.css?body=1" for 116.88.79.47 at 2015-04-07 16:58:03 +0000


Started GET "/assets/jquery.js?body=1" for 116.88.79.47 at 2015-04-07 16:58:03 +0000


Started GET "/assets/jquery_ujs.js?body=1" for 116.88.79.47 at 2015-04-07 16:58:03 +0000


Started GET "/assets/turbolinks.js?body=1" for 116.88.79.47 at 2015-04-07 16:58:03 +0000


Started GET "/stream/genre" for 116.88.79.47 at 2015-04-07 16:58:03 +0000
Processing by StreamController#genre as HTML
  [1m[35m (0.3ms)[0m  SELECT COUNT(*) FROM "songs"
  [1m[36mSong Load (0.2ms)[0m  [1mSELECT  "songs".* FROM "songs"   ORDER BY "songs"."id" ASC LIMIT 1 OFFSET 0[0m
  Rendered stream/genre.html.erb within layouts/application (0.1ms)
Completed 200 OK in 96ms (Views: 93.5ms | ActiveRecord: 0.5ms)


Started GET "/assets/songs.css?body=1" for 116.88.79.47 at 2015-04-07 16:58:03 +0000


Started GET "/assets/stream.css?body=1" for 116.88.79.47 at 2015-04-07 16:58:03 +0000


Started GET "/assets/application.css?body=1" for 116.88.79.47 at 2015-04-07 16:58:03 +0000


Started GET "/assets/jquery.js?body=1" for 116.88.79.47 at 2015-04-07 16:58:03 +0000


Started GET "/assets/scaffolds.css?body=1" for 116.88.79.47 at 2015-04-07 16:58:03 +0000


Started GET "/assets/jquery_ujs.js?body=1" for 116.88.79.47 at 2015-04-07 16:58:03 +0000


Started GET "/assets/turbolinks.js?body=1" for 116.88.79.47 at 2015-04-07 16:58:03 +0000


Started GET "/assets/songs.js?body=1" for 116.88.79.47 at 2015-04-07 16:58:03 +0000


Started GET "/assets/stream.js?body=1" for 116.88.79.47 at 2015-04-07 16:58:03 +0000


Started GET "/assets/application.js?body=1" for 116.88.79.47 at 2015-04-07 16:58:03 +0000


Started GET "/stream/genre" for 54.165.154.221 at 2015-04-07 16:58:38 +0000
Processing by StreamController#genre as */*
  [1m[35m (0.2ms)[0m  SELECT COUNT(*) FROM "songs"
  [1m[36mSong Load (0.2ms)[0m  [1mSELECT  "songs".* FROM "songs"   ORDER BY "songs"."id" ASC LIMIT 1 OFFSET 1[0m
  Rendered stream/genre.html.erb within layouts/application (0.1ms)
Completed 200 OK in 65ms (Views: 62.9ms | ActiveRecord: 0.4ms)


Started GET "/stream/genre" for 116.88.79.47 at 2015-04-07 17:00:30 +0000

ActionController::RoutingError (No route matches [GET] "/stream/genre"):
  actionpack (4.1.0) lib/action_dispatch/middleware/debug_exceptions.rb:21:in `call'
  actionpack (4.1.0) lib/action_dispatch/middleware/show_exceptions.rb:30:in `call'
  railties (4.1.0) lib/rails/rack/logger.rb:38:in `call_app'
  railties (4.1.0) lib/rails/rack/logger.rb:20:in `block in call'
  activesupport (4.1.0) lib/active_support/tagged_logging.rb:68:in `block in tagged'
  activesupport (4.1.0) lib/active_support/tagged_logging.rb:26:in `tagged'
  activesupport (4.1.0) lib/active_support/tagged_logging.rb:68:in `tagged'
  railties (4.1.0) lib/rails/rack/logger.rb:20:in `call'
  actionpack (4.1.0) lib/action_dispatch/middleware/request_id.rb:21:in `call'
  rack (1.5.2) lib/rack/methodoverride.rb:21:in `call'
  rack (1.5.2) lib/rack/runtime.rb:17:in `call'
  activesupport (4.1.0) lib/active_support/cache/strategy/local_cache_middleware.rb:26:in `call'
  rack (1.5.2) lib/rack/lock.rb:17:in `call'
  actionpack (4.1.0) lib/action_dispatch/middleware/static.rb:64:in `call'
  rack (1.5.2) lib/rack/sendfile.rb:112:in `call'
  railties (4.1.0) lib/rails/engine.rb:514:in `call'
  railties (4.1.0) lib/rails/application.rb:144:in `call'
  rack (1.5.2) lib/rack/lock.rb:17:in `call'
  rack (1.5.2) lib/rack/content_length.rb:14:in `call'
  rack (1.5.2) lib/rack/handler/webrick.rb:60:in `service'
  /home/action/.parts/packages/ruby2.1/2.1.1/lib/ruby/2.1.0/webrick/httpserver.rb:138:in `service'
  /home/action/.parts/packages/ruby2.1/2.1.1/lib/ruby/2.1.0/webrick/httpserver.rb:94:in `run'
  /home/action/.parts/packages/ruby2.1/2.1.1/lib/ruby/2.1.0/webrick/server.rb:295:in `block in start_thread'


  Rendered /home/action/.gem/ruby/2.1.1/gems/actionpack-4.1.0/lib/action_dispatch/middleware/templates/rescues/_trace.html.erb (1.6ms)
  Rendered /home/action/.gem/ruby/2.1.1/gems/actionpack-4.1.0/lib/action_dispatch/middleware/templates/routes/_route.html.erb (2.4ms)
  Rendered /home/action/.gem/ruby/2.1.1/gems/actionpack-4.1.0/lib/action_dispatch/middleware/templates/routes/_table.html.erb (1.7ms)
  Rendered /home/action/.gem/ruby/2.1.1/gems/actionpack-4.1.0/lib/action_dispatch/middleware/templates/rescues/routing_error.html.erb within rescues/layout (44.8ms)


Started GET "/stream/jazz" for 116.88.79.47 at 2015-04-07 17:00:33 +0000
Processing by StreamController#jazz as HTML
  [1m[35m (0.2ms)[0m  SELECT COUNT(*) FROM "songs"
  [1m[36mSong Load (0.2ms)[0m  [1mSELECT  "songs".* FROM "songs"   ORDER BY "songs"."id" ASC LIMIT 1 OFFSET 2[0m
Completed 500 Internal Server Error in 9ms

ActionView::MissingTemplate (Missing template stream/jazz, application/jazz with {:locale=>[:en], :formats=>[:html], :variants=>[], :handlers=>[:erb, :builder, :raw, :ruby, :coffee, :jbuilder]}. Searched in:
  * "/home/action/tes/app/views"
):
  app/controllers/stream_controller.rb:5:in `jazz'


  Rendered /home/action/.gem/ruby/2.1.1/gems/actionpack-4.1.0/lib/action_dispatch/middleware/templates/rescues/missing_template.html.erb within rescues/layout (0.6ms)


Started GET "/stream/jazz.jzon" for 116.88.79.47 at 2015-04-07 17:00:39 +0000
Processing by StreamController#jazz as 
  [1m[35m (0.5ms)[0m  SELECT COUNT(*) FROM "songs"
  [1m[36mSong Load (0.2ms)[0m  [1mSELECT  "songs".* FROM "songs"   ORDER BY "songs"."id" ASC LIMIT 1 OFFSET 0[0m
Completed 406 Not Acceptable in 4ms

ActionController::UnknownFormat (ActionController::UnknownFormat):
  app/controllers/stream_controller.rb:5:in `jazz'


  Rendered /home/action/.gem/ruby/2.1.1/gems/actionpack-4.1.0/lib/action_dispatch/middleware/templates/rescues/_source.erb (1.3ms)
  Rendered /home/action/.gem/ruby/2.1.1/gems/actionpack-4.1.0/lib/action_dispatch/middleware/templates/rescues/_trace.html.erb (2.2ms)
  Rendered /home/action/.gem/ruby/2.1.1/gems/actionpack-4.1.0/lib/action_dispatch/middleware/templates/rescues/_request_and_response.html.erb (1.7ms)
  Rendered /home/action/.gem/ruby/2.1.1/gems/actionpack-4.1.0/lib/action_dispatch/middleware/templates/rescues/diagnostics.erb within rescues/layout (34.6ms)


Started GET "/stream/jazz.json" for 116.88.79.47 at 2015-04-07 17:00:43 +0000
Processing by StreamController#jazz as JSON
  [1m[35m (0.3ms)[0m  SELECT COUNT(*) FROM "songs"
  [1m[36mSong Load (0.2ms)[0m  [1mSELECT  "songs".* FROM "songs"   ORDER BY "songs"."id" ASC LIMIT 1 OFFSET 0[0m
Completed 200 OK in 7ms (Views: 4.3ms | ActiveRecord: 0.5ms)


Started GET "/stream/jazz" for 116.88.79.47 at 2015-04-07 17:01:05 +0000
Processing by StreamController#jazz as HTML
  [1m[35m (0.2ms)[0m  SELECT COUNT(*) FROM "songs"
  [1m[36mSong Load (0.2ms)[0m  [1mSELECT  "songs".* FROM "songs"   ORDER BY "songs"."id" ASC LIMIT 1 OFFSET 3[0m
  Rendered stream/jazz.html.erb within layouts/application (0.5ms)
Completed 200 OK in 68ms (Views: 65.7ms | ActiveRecord: 0.5ms)


Started GET "/assets/songs.css?body=1" for 116.88.79.47 at 2015-04-07 17:01:05 +0000


Started GET "/assets/stream.css?body=1" for 116.88.79.47 at 2015-04-07 17:01:05 +0000


Started GET "/assets/application.css?body=1" for 116.88.79.47 at 2015-04-07 17:01:05 +0000


Started GET "/assets/songs.js?body=1" for 116.88.79.47 at 2015-04-07 17:01:05 +0000


Started GET "/assets/stream.js?body=1" for 116.88.79.47 at 2015-04-07 17:01:05 +0000


Started GET "/assets/application.js?body=1" for 116.88.79.47 at 2015-04-07 17:01:05 +0000


Started GET "/stream/jazz" for 52.1.175.20 at 2015-04-07 17:01:18 +0000
Processing by StreamController#jazz as */*
  [1m[35m (0.3ms)[0m  SELECT COUNT(*) FROM "songs"
  [1m[36mSong Load (0.2ms)[0m  [1mSELECT  "songs".* FROM "songs"   ORDER BY "songs"."id" ASC LIMIT 1 OFFSET 2[0m
  Rendered stream/jazz.html.erb within layouts/application (0.1ms)
Completed 200 OK in 69ms (Views: 67.2ms | ActiveRecord: 0.5ms)


Started GET "/stream/jazz.json" for 54.175.8.62 at 2015-04-07 17:01:20 +0000
Processing by StreamController#jazz as JSON
  [1m[35m (0.3ms)[0m  SELECT COUNT(*) FROM "songs"
  [1m[36mSong Load (0.3ms)[0m  [1mSELECT  "songs".* FROM "songs"   ORDER BY "songs"."id" ASC LIMIT 1 OFFSET 2[0m
Completed 200 OK in 3ms (Views: 0.5ms | ActiveRecord: 0.5ms)


Started GET "/stream/jazz" for 116.88.79.47 at 2015-04-07 17:01:47 +0000
Processing by StreamController#jazz as HTML
  [1m[35m (0.2ms)[0m  SELECT COUNT(*) FROM "songs"
  [1m[36mSong Load (0.2ms)[0m  [1mSELECT  "songs".* FROM "songs"   ORDER BY "songs"."id" ASC LIMIT 1 OFFSET 4[0m
Completed 200 OK in 9ms (Views: 3.8ms | ActiveRecord: 1.0ms)


Started GET "/stream/jazz.json" for 116.88.79.47 at 2015-04-07 17:01:53 +0000
Processing by StreamController#jazz as JSON
  [1m[35m (0.2ms)[0m  SELECT COUNT(*) FROM "songs"
  [1m[36mSong Load (0.2ms)[0m  [1mSELECT  "songs".* FROM "songs"   ORDER BY "songs"."id" ASC LIMIT 1 OFFSET 3[0m
Completed 200 OK in 3ms (Views: 0.5ms | ActiveRecord: 0.4ms)


Started GET "/stream/jazz.json" for 116.88.79.47 at 2015-04-07 17:01:57 +0000
Processing by StreamController#jazz as JSON
  [1m[35m (0.2ms)[0m  SELECT COUNT(*) FROM "songs"
  [1m[36mSong Load (0.3ms)[0m  [1mSELECT  "songs".* FROM "songs"   ORDER BY "songs"."id" ASC LIMIT 1 OFFSET 1[0m
Completed 200 OK in 3ms (Views: 0.6ms | ActiveRecord: 0.5ms)


Started GET "/stream/jazz.json" for 116.88.79.47 at 2015-04-07 17:04:19 +0000
Processing by StreamController#jazz as JSON
  [1m[35m (0.2ms)[0m  SELECT COUNT(*) FROM "songs"
  [1m[36mSong Load (0.2ms)[0m  [1mSELECT  "songs".* FROM "songs"   ORDER BY "songs"."id" ASC LIMIT 1 OFFSET 1[0m
Completed 200 OK in 3ms (Views: 0.6ms | ActiveRecord: 0.4ms)


Started GET "/stream/jazz" for 116.88.79.47 at 2015-04-07 17:04:23 +0000
Processing by StreamController#jazz as HTML
  [1m[35m (0.3ms)[0m  SELECT COUNT(*) FROM "songs"
  [1m[36mSong Load (0.2ms)[0m  [1mSELECT  "songs".* FROM "songs"   ORDER BY "songs"."id" ASC LIMIT 1 OFFSET 3[0m
Completed 200 OK in 3ms (Views: 0.5ms | ActiveRecord: 0.5ms)


Started GET "/stream/jazz" for 116.88.79.47 at 2015-04-07 17:04:24 +0000
Processing by StreamController#jazz as HTML
  [1m[35m (0.2ms)[0m  SELECT COUNT(*) FROM "songs"
  [1m[36mSong Load (0.2ms)[0m  [1mSELECT  "songs".* FROM "songs"   ORDER BY "songs"."id" ASC LIMIT 1 OFFSET 0[0m
Completed 200 OK in 3ms (Views: 0.5ms | ActiveRecord: 0.4ms)


Started GET "/stream/jazz" for 97.94.186.168 at 2015-04-07 17:04:28 +0000
Processing by StreamController#jazz as HTML
  [1m[35m (0.2ms)[0m  SELECT COUNT(*) FROM "songs"
  [1m[36mSong Load (0.2ms)[0m  [1mSELECT  "songs".* FROM "songs"   ORDER BY "songs"."id" ASC LIMIT 1 OFFSET 4[0m
Completed 200 OK in 3ms (Views: 0.5ms | ActiveRecord: 0.4ms)


Started GET "/stream/jazz.json" for 116.88.79.47 at 2015-04-07 17:04:32 +0000
Processing by StreamController#jazz as JSON
  [1m[35m (0.2ms)[0m  SELECT COUNT(*) FROM "songs"
  [1m[36mSong Load (0.2ms)[0m  [1mSELECT  "songs".* FROM "songs"   ORDER BY "songs"."id" ASC LIMIT 1 OFFSET 2[0m
Completed 200 OK in 10ms (Views: 4.2ms | ActiveRecord: 1.1ms)


Started GET "/stream/jazz" for 116.88.79.47 at 2015-04-07 17:04:34 +0000
Processing by StreamController#jazz as HTML
  [1m[35m (0.2ms)[0m  SELECT COUNT(*) FROM "songs"
  [1m[36mSong Load (0.2ms)[0m  [1mSELECT  "songs".* FROM "songs"   ORDER BY "songs"."id" ASC LIMIT 1 OFFSET 1[0m
Completed 200 OK in 3ms (Views: 0.5ms | ActiveRecord: 0.5ms)


Started GET "/stream/jazz" for 97.94.186.168 at 2015-04-07 17:04:40 +0000
Processing by StreamController#jazz as HTML
  [1m[35m (0.2ms)[0m  SELECT COUNT(*) FROM "songs"
  [1m[36mSong Load (0.2ms)[0m  [1mSELECT  "songs".* FROM "songs"   ORDER BY "songs"."id" ASC LIMIT 1 OFFSET 4[0m
Completed 200 OK in 2ms (Views: 0.5ms | ActiveRecord: 0.4ms)


Started GET "/stream/jazz" for 97.94.186.168 at 2015-04-07 17:04:42 +0000
Processing by StreamController#jazz as HTML
  [1m[35m (0.2ms)[0m  SELECT COUNT(*) FROM "songs"
  [1m[36mSong Load (0.2ms)[0m  [1mSELECT  "songs".* FROM "songs"   ORDER BY "songs"."id" ASC LIMIT 1 OFFSET 4[0m
Completed 200 OK in 9ms (Views: 3.7ms | ActiveRecord: 1.1ms)


Started GET "/stream/jazz" for 116.88.79.47 at 2015-04-07 17:05:30 +0000
Processing by StreamController#jazz as HTML
Completed 500 Internal Server Error in 4ms

NoMethodError (undefined method `attr_accessible' for #<Class:0x007f57b66995f0>):
  app/models/song.rb:2:in `<class:Song>'
  app/models/song.rb:1:in `<top (required)>'
  app/controllers/stream_controller.rb:3:in `jazz'


  Rendered /home/action/.gem/ruby/2.1.1/gems/actionpack-4.1.0/lib/action_dispatch/middleware/templates/rescues/_source.erb (0.8ms)
  Rendered /home/action/.gem/ruby/2.1.1/gems/actionpack-4.1.0/lib/action_dispatch/middleware/templates/rescues/_trace.html.erb (1.3ms)
  Rendered /home/action/.gem/ruby/2.1.1/gems/actionpack-4.1.0/lib/action_dispatch/middleware/templates/rescues/_request_and_response.html.erb (1.1ms)
  Rendered /home/action/.gem/ruby/2.1.1/gems/actionpack-4.1.0/lib/action_dispatch/middleware/templates/rescues/diagnostics.erb within rescues/layout (23.5ms)


Started GET "/stream/jazz.json" for 116.88.79.47 at 2015-04-07 17:05:59 +0000
Processing by StreamController#jazz as JSON
  [1m[35m (0.1ms)[0m  SELECT COUNT(*) FROM "songs"
  [1m[36mSong Load (0.2ms)[0m  [1mSELECT  "songs".* FROM "songs"   ORDER BY "songs"."id" ASC LIMIT 1 OFFSET 0[0m
Completed 200 OK in 8ms (Views: 3.2ms | ActiveRecord: 1.0ms)


Started GET "/stream/jazz" for 116.88.79.47 at 2015-04-07 17:06:56 +0000
Processing by StreamController#jazz as HTML
  [1m[35m (0.2ms)[0m  SELECT COUNT(*) FROM "songs"
Completed 500 Internal Server Error in 5ms

ArgumentError (invalid value for Integer(): "{:select=>\"name"):
  app/controllers/stream_controller.rb:3:in `jazz'


  Rendered /home/action/.gem/ruby/2.1.1/gems/actionpack-4.1.0/lib/action_dispatch/middleware/templates/rescues/_source.erb (0.8ms)
  Rendered /home/action/.gem/ruby/2.1.1/gems/actionpack-4.1.0/lib/action_dispatch/middleware/templates/rescues/_trace.html.erb (2.1ms)
  Rendered /home/action/.gem/ruby/2.1.1/gems/actionpack-4.1.0/lib/action_dispatch/middleware/templates/rescues/_request_and_response.html.erb (1.2ms)
  Rendered /home/action/.gem/ruby/2.1.1/gems/actionpack-4.1.0/lib/action_dispatch/middleware/templates/rescues/diagnostics.erb within rescues/layout (26.9ms)


Started GET "/stream/jazz.json" for 116.88.79.47 at 2015-04-07 17:07:13 +0000
Processing by StreamController#jazz as JSON
  [1m[36m (0.2ms)[0m  [1mSELECT COUNT(*) FROM "songs"[0m
Completed 500 Internal Server Error in 4ms

ArgumentError (wrong number of arguments (2 for 1)):
  app/controllers/stream_controller.rb:3:in `jazz'


  Rendered /home/action/.gem/ruby/2.1.1/gems/actionpack-4.1.0/lib/action_dispatch/middleware/templates/rescues/_source.erb (0.8ms)
  Rendered /home/action/.gem/ruby/2.1.1/gems/actionpack-4.1.0/lib/action_dispatch/middleware/templates/rescues/_trace.html.erb (1.5ms)
  Rendered /home/action/.gem/ruby/2.1.1/gems/actionpack-4.1.0/lib/action_dispatch/middleware/templates/rescues/_request_and_response.html.erb (1.3ms)
  Rendered /home/action/.gem/ruby/2.1.1/gems/actionpack-4.1.0/lib/action_dispatch/middleware/templates/rescues/diagnostics.erb within rescues/layout (25.4ms)


Started GET "/stream/jazz.json" for 116.88.79.47 at 2015-04-07 17:07:21 +0000
Processing by StreamController#jazz as JSON
  [1m[35m (0.1ms)[0m  SELECT COUNT(*) FROM "songs"
  [1m[36mSong Load (0.2ms)[0m  [1mSELECT  "songs".* FROM "songs"   ORDER BY "songs"."id" ASC LIMIT 1 OFFSET 3[0m
Completed 200 OK in 14ms (Views: 9.0ms | ActiveRecord: 1.0ms)


Started GET "/stream/jazz" for 116.88.79.47 at 2015-04-07 17:07:52 +0000
Processing by StreamController#jazz as HTML
  [1m[35m (0.1ms)[0m  SELECT COUNT(*) FROM "songs"
  [1m[36mSong Load (0.4ms)[0m  [1mSELECT  name, address FROM "songs"   ORDER BY "songs"."id" ASC LIMIT 1 OFFSET 0[0m
SQLite3::SQLException: no such column: address: SELECT  name, address FROM "songs"   ORDER BY "songs"."id" ASC LIMIT 1 OFFSET 0
Completed 500 Internal Server Error in 5ms

ActiveRecord::StatementInvalid (SQLite3::SQLException: no such column: address: SELECT  name, address FROM "songs"   ORDER BY "songs"."id" ASC LIMIT 1 OFFSET 0):
  app/controllers/stream_controller.rb:3:in `jazz'


  Rendered /home/action/.gem/ruby/2.1.1/gems/actionpack-4.1.0/lib/action_dispatch/middleware/templates/rescues/_source.erb (0.7ms)
  Rendered /home/action/.gem/ruby/2.1.1/gems/actionpack-4.1.0/lib/action_dispatch/middleware/templates/rescues/_trace.html.erb (1.4ms)
  Rendered /home/action/.gem/ruby/2.1.1/gems/actionpack-4.1.0/lib/action_dispatch/middleware/templates/rescues/_request_and_response.html.erb (1.0ms)
  Rendered /home/action/.gem/ruby/2.1.1/gems/actionpack-4.1.0/lib/action_dispatch/middleware/templates/rescues/diagnostics.erb within rescues/layout (22.7ms)


Started GET "/stream/jazz.json" for 116.88.79.47 at 2015-04-07 17:08:16 +0000
Processing by StreamController#jazz as JSON
Completed 500 Internal Server Error in 6ms

TypeError (can't cast Hash to integer):
  app/controllers/stream_controller.rb:3:in `jazz'


  Rendered /home/action/.gem/ruby/2.1.1/gems/actionpack-4.1.0/lib/action_dispatch/middleware/templates/rescues/_source.erb (0.7ms)
  Rendered /home/action/.gem/ruby/2.1.1/gems/actionpack-4.1.0/lib/action_dispatch/middleware/templates/rescues/_trace.html.erb (1.5ms)
  Rendered /home/action/.gem/ruby/2.1.1/gems/actionpack-4.1.0/lib/action_dispatch/middleware/templates/rescues/_request_and_response.html.erb (1.0ms)
  Rendered /home/action/.gem/ruby/2.1.1/gems/actionpack-4.1.0/lib/action_dispatch/middleware/templates/rescues/diagnostics.erb within rescues/layout (22.8ms)


Started GET "/stream/jazz.json" for 116.88.79.47 at 2015-04-07 17:08:53 +0000
Processing by StreamController#jazz as JSON
  [1m[35m (0.1ms)[0m  SELECT COUNT(*) FROM "songs"
  [1m[36mSong Load (0.2ms)[0m  [1mSELECT  "songs"."name" FROM "songs"   ORDER BY "songs"."id" ASC LIMIT 1 OFFSET 1[0m
Completed 200 OK in 8ms (Views: 3.0ms | ActiveRecord: 0.9ms)


Started GET "/stream/jazz.json" for 116.88.79.47 at 2015-04-07 17:09:03 +0000
Processing by StreamController#jazz as JSON
  [1m[35m (0.1ms)[0m  SELECT COUNT(*) FROM "songs"
  [1m[36mSong Load (0.2ms)[0m  [1mSELECT  "songs"."name", "songs"."mp3" FROM "songs"   ORDER BY "songs"."id" ASC LIMIT 1 OFFSET 2[0m
Completed 200 OK in 7ms (Views: 2.8ms | ActiveRecord: 0.9ms)


Started GET "/stream/jazz.json" for 116.88.79.47 at 2015-04-07 17:09:18 +0000
Processing by StreamController#jazz as JSON
  [1m[35m (0.1ms)[0m  SELECT COUNT(*) FROM "songs"
  [1m[36mSong Load (0.2ms)[0m  [1mSELECT  "songs"."id", "songs"."name", "songs"."mp3" FROM "songs"   ORDER BY "songs"."id" ASC LIMIT 1 OFFSET 0[0m
Completed 200 OK in 8ms (Views: 2.9ms | ActiveRecord: 0.9ms)


Started GET "/stream/jazz" for 116.88.79.47 at 2015-04-07 17:09:21 +0000
Processing by StreamController#jazz as HTML
  [1m[35m (0.2ms)[0m  SELECT COUNT(*) FROM "songs"
  [1m[36mSong Load (0.2ms)[0m  [1mSELECT  "songs"."id", "songs"."name", "songs"."mp3" FROM "songs"   ORDER BY "songs"."id" ASC LIMIT 1 OFFSET 4[0m
Completed 200 OK in 3ms (Views: 0.3ms | ActiveRecord: 0.4ms)


Started GET "/stream/jazz" for 116.88.79.47 at 2015-04-07 17:09:23 +0000
Processing by StreamController#jazz as HTML
  [1m[35m (0.2ms)[0m  SELECT COUNT(*) FROM "songs"
  [1m[36mSong Load (0.2ms)[0m  [1mSELECT  "songs"."id", "songs"."name", "songs"."mp3" FROM "songs"   ORDER BY "songs"."id" ASC LIMIT 1 OFFSET 4[0m
Completed 200 OK in 2ms (Views: 0.2ms | ActiveRecord: 0.4ms)


Started GET "/stream/jazz" for 116.88.79.47 at 2015-04-07 17:09:23 +0000
Processing by StreamController#jazz as HTML
  [1m[35m (0.2ms)[0m  SELECT COUNT(*) FROM "songs"
  [1m[36mSong Load (0.2ms)[0m  [1mSELECT  "songs"."id", "songs"."name", "songs"."mp3" FROM "songs"   ORDER BY "songs"."id" ASC LIMIT 1 OFFSET 2[0m
Completed 200 OK in 2ms (Views: 0.3ms | ActiveRecord: 0.4ms)


Started GET "/stream/jazz" for 116.88.79.47 at 2015-04-07 17:09:24 +0000
Processing by StreamController#jazz as HTML
  [1m[35m (0.2ms)[0m  SELECT COUNT(*) FROM "songs"
  [1m[36mSong Load (0.2ms)[0m  [1mSELECT  "songs"."id", "songs"."name", "songs"."mp3" FROM "songs"   ORDER BY "songs"."id" ASC LIMIT 1 OFFSET 0[0m
Completed 200 OK in 2ms (Views: 0.3ms | ActiveRecord: 0.4ms)


Started GET "/stream/jazz" for 116.88.79.47 at 2015-04-07 17:09:24 +0000
Processing by StreamController#jazz as HTML
  [1m[35m (0.2ms)[0m  SELECT COUNT(*) FROM "songs"
  [1m[36mSong Load (0.2ms)[0m  [1mSELECT  "songs"."id", "songs"."name", "songs"."mp3" FROM "songs"   ORDER BY "songs"."id" ASC LIMIT 1 OFFSET 1[0m
Completed 200 OK in 2ms (Views: 0.2ms | ActiveRecord: 0.4ms)


Started GET "/stream/jazz" for 116.88.79.47 at 2015-04-07 17:09:25 +0000
Processing by StreamController#jazz as HTML
  [1m[35m (0.2ms)[0m  SELECT COUNT(*) FROM "songs"
  [1m[36mSong Load (0.2ms)[0m  [1mSELECT  "songs"."id", "songs"."name", "songs"."mp3" FROM "songs"   ORDER BY "songs"."id" ASC LIMIT 1 OFFSET 1[0m
Completed 200 OK in 3ms (Views: 0.3ms | ActiveRecord: 0.5ms)


Started GET "/stream/jazz" for 116.88.79.47 at 2015-04-07 17:09:25 +0000
Processing by StreamController#jazz as HTML
  [1m[35m (0.2ms)[0m  SELECT COUNT(*) FROM "songs"
  [1m[36mSong Load (0.3ms)[0m  [1mSELECT  "songs"."id", "songs"."name", "songs"."mp3" FROM "songs"   ORDER BY "songs"."id" ASC LIMIT 1 OFFSET 0[0m
Completed 200 OK in 3ms (Views: 0.3ms | ActiveRecord: 0.5ms)


Started GET "/stream/jazz" for 116.88.79.47 at 2015-04-07 17:09:25 +0000
Processing by StreamController#jazz as HTML
  [1m[35m (0.2ms)[0m  SELECT COUNT(*) FROM "songs"
  [1m[36mSong Load (0.2ms)[0m  [1mSELECT  "songs"."id", "songs"."name", "songs"."mp3" FROM "songs"   ORDER BY "songs"."id" ASC LIMIT 1 OFFSET 4[0m
Completed 200 OK in 3ms (Views: 0.4ms | ActiveRecord: 0.5ms)


Started GET "/stream/jazz" for 116.88.79.47 at 2015-04-07 17:09:26 +0000
Processing by StreamController#jazz as HTML
  [1m[35m (0.2ms)[0m  SELECT COUNT(*) FROM "songs"
  [1m[36mSong Load (0.2ms)[0m  [1mSELECT  "songs"."id", "songs"."name", "songs"."mp3" FROM "songs"   ORDER BY "songs"."id" ASC LIMIT 1 OFFSET 4[0m
Completed 200 OK in 3ms (Views: 0.3ms | ActiveRecord: 0.4ms)


Started GET "/stream/jazz" for 116.88.79.47 at 2015-04-07 17:09:26 +0000
Processing by StreamController#jazz as HTML
  [1m[35m (0.3ms)[0m  SELECT COUNT(*) FROM "songs"
  [1m[36mSong Load (0.3ms)[0m  [1mSELECT  "songs"."id", "songs"."name", "songs"."mp3" FROM "songs"   ORDER BY "songs"."id" ASC LIMIT 1 OFFSET 4[0m
Completed 200 OK in 4ms (Views: 0.7ms | ActiveRecord: 0.6ms)


Started GET "/stream/jazz" for 116.88.79.47 at 2015-04-07 17:09:26 +0000
Processing by StreamController#jazz as HTML
  [1m[35m (0.2ms)[0m  SELECT COUNT(*) FROM "songs"
  [1m[36mSong Load (0.2ms)[0m  [1mSELECT  "songs"."id", "songs"."name", "songs"."mp3" FROM "songs"   ORDER BY "songs"."id" ASC LIMIT 1 OFFSET 4[0m
Completed 200 OK in 3ms (Views: 0.3ms | ActiveRecord: 0.5ms)


Started GET "/stream/jazz" for 116.88.79.47 at 2015-04-07 17:09:26 +0000
Processing by StreamController#jazz as HTML
  [1m[35m (0.2ms)[0m  SELECT COUNT(*) FROM "songs"
  [1m[36mSong Load (0.3ms)[0m  [1mSELECT  "songs"."id", "songs"."name", "songs"."mp3" FROM "songs"   ORDER BY "songs"."id" ASC LIMIT 1 OFFSET 4[0m
Completed 200 OK in 3ms (Views: 0.3ms | ActiveRecord: 0.5ms)
